[0.155s] Invoking command in '/home/urc/new-GUI/build/theora_webcams': CMAKE_PREFIX_PATH=/home/urc/new-GUI/install/theora_webcams:/home/urc/new-GUI/install/gui_window:/opt/ros/humble:/home/urc/new-GUI/install/geographic_msgs:/home/urc/new-GUI/install/aruco_finder /usr/bin/cmake --build /home/urc/new-GUI/build/theora_webcams -- -j4 -l4
[0.203s] -- Found ament_cmake: 1.3.5 (/opt/ros/humble/share/ament_cmake/cmake)
[0.423s] -- Found ament_lint_auto: 0.12.8 (/opt/ros/humble/share/ament_lint_auto/cmake)
[0.539s] -- Found rosidl_default_generators: 1.2.0 (/opt/ros/humble/share/rosidl_default_generators/cmake)
[0.548s] -- Using all available rosidl_typesupport_c: rosidl_typesupport_fastrtps_c;rosidl_typesupport_introspection_c
[0.550s] -- Found rosidl_adapter: 3.1.5 (/opt/ros/humble/share/rosidl_adapter/cmake)
[0.602s] -- Using all available rosidl_typesupport_cpp: rosidl_typesupport_fastrtps_cpp;rosidl_typesupport_introspection_cpp
[0.652s] -- Found rclcpp: 16.0.6 (/opt/ros/humble/share/rclcpp/cmake)
[0.790s] -- Found rmw_implementation_cmake: 6.1.1 (/opt/ros/humble/share/rmw_implementation_cmake/cmake)
[0.794s] -- Found rmw_fastrtps_cpp: 6.2.4 (/opt/ros/humble/share/rmw_fastrtps_cpp/cmake)
[0.996s] -- Using RMW implementation 'rmw_fastrtps_cpp' as default
[1.330s] -- Found sensor_msgs: 4.2.3 (/opt/ros/humble/share/sensor_msgs/cmake)
[1.589s] -- Found cv_bridge: 3.2.1 (/opt/ros/humble/share/cv_bridge/cmake)
[1.605s] -- Found image_transport: 3.1.7 (/opt/ros/humble/share/image_transport/cmake)
[1.669s] -- Found camera_info_manager: 3.1.7 (/opt/ros/humble/share/camera_info_manager/cmake)
[2.293s] -- Found ament_cmake_ros: 0.10.0 (/opt/ros/humble/share/ament_cmake_ros/cmake)
[2.796s] -- Using all available rosidl_typesupport_c: rosidl_typesupport_fastrtps_c;rosidl_typesupport_introspection_c
[3.428s] -- Using all available rosidl_typesupport_cpp: rosidl_typesupport_fastrtps_cpp;rosidl_typesupport_introspection_cpp
[3.461s] -- Found python_cmake_module: 0.10.0 (/opt/ros/humble/share/python_cmake_module/cmake)
[3.501s] -- Using PYTHON_EXECUTABLE: /usr/bin/python3
[3.501s] -- Using PYTHON_INCLUDE_DIRS: /usr/include/python3.10
[3.501s] -- Using PYTHON_LIBRARIES: /usr/lib/x86_64-linux-gnu/libpython3.10.so
[3.637s] -- Added test 'cppcheck' to perform static code analysis on C / C++ code
[3.637s] -- Configured cppcheck include dirs: 
[3.637s] -- Configured cppcheck exclude dirs and/or files: 
[3.637s] -- Added test 'lint_cmake' to check CMake code style
[3.637s] -- Added test 'uncrustify' to check C / C++ code style
[3.637s] -- Configured uncrustify additional arguments: 
[3.637s] -- Added test 'xmllint' to check XML markup files
[3.641s] -- Configuring done
[3.756s] -- Generating done
[3.763s] -- Build files have been written to: /home/urc/new-GUI/build/theora_webcams
[3.832s] [35m[1mConsolidate compiler generated dependencies of target theora_webcams__rosidl_generator_c[0m
[3.859s] [  1%] [32mBuilding CXX object CMakeFiles/camera_publisher.dir/src/camera_publisher_v4l2.cpp.o[0m
[3.861s] [  2%] Built target theora_webcams__cpp
[3.873s] [ 13%] Built target theora_webcams__rosidl_generator_c
[3.883s] [ 13%] Built target ament_cmake_python_copy_theora_webcams
[3.897s] [35m[1mConsolidate compiler generated dependencies of target theora_webcams__rosidl_typesupport_cpp[0m
[3.902s] [35m[1mConsolidate compiler generated dependencies of target theora_webcams__rosidl_typesupport_fastrtps_cpp[0m
[3.922s] [35m[1mConsolidate compiler generated dependencies of target theora_webcams__rosidl_typesupport_introspection_cpp[0m
[3.946s] [ 24%] Built target theora_webcams__rosidl_typesupport_cpp
[3.955s] [ 36%] Built target theora_webcams__rosidl_typesupport_fastrtps_cpp
[3.962s] [ 47%] Built target theora_webcams__rosidl_typesupport_introspection_cpp
[3.981s] [35m[1mConsolidate compiler generated dependencies of target theora_webcams__rosidl_typesupport_fastrtps_c[0m
[4.013s] [35m[1mConsolidate compiler generated dependencies of target theora_webcams__rosidl_typesupport_introspection_c[0m
[4.078s] [ 58%] Built target theora_webcams__rosidl_typesupport_introspection_c
[4.079s] [ 70%] Built target theora_webcams__rosidl_typesupport_fastrtps_c
[4.125s] [35m[1mConsolidate compiler generated dependencies of target theora_webcams__rosidl_typesupport_c[0m
[4.151s] [ 81%] Built target theora_webcams__rosidl_typesupport_c
[4.189s] [ 81%] Built target theora_webcams
[4.227s] [ 82%] Built target theora_webcams__py
[4.251s] [35m[1mConsolidate compiler generated dependencies of target theora_webcams__rosidl_generator_py[0m
[4.282s] [ 92%] Built target theora_webcams__rosidl_generator_py
[4.300s] [35m[1mConsolidate compiler generated dependencies of target theora_webcams__rosidl_typesupport_fastrtps_c__pyext[0m
[4.321s] [35m[1mConsolidate compiler generated dependencies of target theora_webcams__rosidl_typesupport_introspection_c__pyext[0m
[4.339s] [ 94%] Built target theora_webcams__rosidl_typesupport_fastrtps_c__pyext
[4.363s] [ 96%] Built target theora_webcams__rosidl_typesupport_introspection_c__pyext
[4.372s] [35m[1mConsolidate compiler generated dependencies of target theora_webcams__rosidl_typesupport_c__pyext[0m
[4.398s] [ 98%] Built target theora_webcams__rosidl_typesupport_c__pyext
[4.525s] running egg_info
[4.526s] writing theora_webcams.egg-info/PKG-INFO
[4.526s] writing dependency_links to theora_webcams.egg-info/dependency_links.txt
[4.526s] writing top-level names to theora_webcams.egg-info/top_level.txt
[4.530s] reading manifest file 'theora_webcams.egg-info/SOURCES.txt'
[4.533s] writing manifest file 'theora_webcams.egg-info/SOURCES.txt'
[4.582s] [ 98%] Built target ament_cmake_python_build_theora_webcams_egg
[4.703s] [01m[K/home/urc/new-GUI/src/theora_webcams/src/camera_publisher_v4l2.cpp:18:10:[m[K [01;31m[Kfatal error: [m[Kcv_bridge/cv_bridge.h: No such file or directory
[4.703s]    18 | #include [01;31m[K<cv_bridge/cv_bridge.h>[m[K
[4.703s]       |          [01;31m[K^~~~~~~~~~~~~~~~~~~~~~~[m[K
[4.703s] compilation terminated.
[4.713s] gmake[2]: *** [CMakeFiles/camera_publisher.dir/build.make:76: CMakeFiles/camera_publisher.dir/src/camera_publisher_v4l2.cpp.o] Error 1
[4.713s] gmake[1]: *** [CMakeFiles/Makefile2:592: CMakeFiles/camera_publisher.dir/all] Error 2
[4.714s] gmake: *** [Makefile:146: all] Error 2
[4.718s] Invoked command in '/home/urc/new-GUI/build/theora_webcams' returned '2': CMAKE_PREFIX_PATH=/home/urc/new-GUI/install/theora_webcams:/home/urc/new-GUI/install/gui_window:/opt/ros/humble:/home/urc/new-GUI/install/geographic_msgs:/home/urc/new-GUI/install/aruco_finder /usr/bin/cmake --build /home/urc/new-GUI/build/theora_webcams -- -j4 -l4
