[  1%] Built target theora_webcams__cpp
[  2%] [32mBuilding CXX object CMakeFiles/camera_publisher.dir/src/camera_publisher_v4l2.cpp.o[0m
[  2%] Built target ament_cmake_python_copy_theora_webcams
[ 13%] Built target theora_webcams__rosidl_generator_c
[ 24%] Built target theora_webcams__rosidl_typesupport_introspection_cpp
[ 36%] Built target theora_webcams__rosidl_typesupport_cpp
[ 47%] Built target theora_webcams__rosidl_typesupport_fastrtps_cpp
[ 58%] Built target theora_webcams__rosidl_typesupport_introspection_c
[ 70%] Built target theora_webcams__rosidl_typesupport_fastrtps_c
[ 81%] Built target theora_webcams__rosidl_typesupport_c
[01m[K/home/urc/new-GUI/src/theora_webcams/src/camera_publisher_v4l2.cpp:14:10:[m[K [01;31m[Kfatal error: [m[Krclcpp/rclcpp.hpp: No such file or directory
   14 | #include [01;31m[K<rclcpp/rclcpp.hpp>[m[K
      |          [01;31m[K^~~~~~~~~~~~~~~~~~~[m[K
compilation terminated.
gmake[2]: *** [CMakeFiles/camera_publisher.dir/build.make:76: CMakeFiles/camera_publisher.dir/src/camera_publisher_v4l2.cpp.o] Error 1
gmake[1]: *** [CMakeFiles/Makefile2:592: CMakeFiles/camera_publisher.dir/all] Error 2
gmake[1]: *** Waiting for unfinished jobs....
[ 81%] Built target theora_webcams
running egg_info
writing theora_webcams.egg-info/PKG-INFO
writing dependency_links to theora_webcams.egg-info/dependency_links.txt
writing top-level names to theora_webcams.egg-info/top_level.txt
reading manifest file 'theora_webcams.egg-info/SOURCES.txt'
writing manifest file 'theora_webcams.egg-info/SOURCES.txt'
[ 81%] Built target ament_cmake_python_build_theora_webcams_egg
gmake: *** [Makefile:146: all] Error 2
