[1.065s] Invoking command in '/home/urc/new-GUI/build/theora_webcams': CMAKE_PREFIX_PATH=/home/urc/new-GUI/install/theora_webcams:/home/urc/new-GUI/install/gui_window:/opt/ros/humble:/home/urc/new-GUI/install/geographic_msgs:/home/urc/new-GUI/install/aruco_finder /usr/bin/cmake --build /home/urc/new-GUI/build/theora_webcams -- -j4 -l4
[1.233s] [  1%] Built target theora_webcams__cpp
[1.269s] [  2%] [32mBuilding CXX object CMakeFiles/camera_publisher.dir/src/camera_publisher_v4l2.cpp.o[0m
[1.287s] [  2%] Built target ament_cmake_python_copy_theora_webcams
[1.303s] [ 13%] Built target theora_webcams__rosidl_generator_c
[1.390s] [ 24%] Built target theora_webcams__rosidl_typesupport_introspection_cpp
[1.406s] [ 36%] Built target theora_webcams__rosidl_typesupport_cpp
[1.446s] [ 47%] Built target theora_webcams__rosidl_typesupport_fastrtps_cpp
[1.582s] [ 58%] Built target theora_webcams__rosidl_typesupport_introspection_c
[1.586s] [ 70%] Built target theora_webcams__rosidl_typesupport_fastrtps_c
[1.698s] [ 81%] Built target theora_webcams__rosidl_typesupport_c
[1.719s] [01m[K/home/urc/new-GUI/src/theora_webcams/src/camera_publisher_v4l2.cpp:14:10:[m[K [01;31m[Kfatal error: [m[Krclcpp/rclcpp.hpp: No such file or directory
[1.720s]    14 | #include [01;31m[K<rclcpp/rclcpp.hpp>[m[K
[1.720s]       |          [01;31m[K^~~~~~~~~~~~~~~~~~~[m[K
[1.720s] compilation terminated.
[1.725s] gmake[2]: *** [CMakeFiles/camera_publisher.dir/build.make:76: CMakeFiles/camera_publisher.dir/src/camera_publisher_v4l2.cpp.o] Error 1
[1.726s] gmake[1]: *** [CMakeFiles/Makefile2:592: CMakeFiles/camera_publisher.dir/all] Error 2
[1.726s] gmake[1]: *** Waiting for unfinished jobs....
[1.777s] [ 81%] Built target theora_webcams
[2.337s] running egg_info
[2.339s] writing theora_webcams.egg-info/PKG-INFO
[2.339s] writing dependency_links to theora_webcams.egg-info/dependency_links.txt
[2.339s] writing top-level names to theora_webcams.egg-info/top_level.txt
[2.346s] reading manifest file 'theora_webcams.egg-info/SOURCES.txt'
[2.348s] writing manifest file 'theora_webcams.egg-info/SOURCES.txt'
[2.410s] [ 81%] Built target ament_cmake_python_build_theora_webcams_egg
[2.414s] gmake: *** [Makefile:146: all] Error 2
[2.422s] Invoked command in '/home/urc/new-GUI/build/theora_webcams' returned '2': CMAKE_PREFIX_PATH=/home/urc/new-GUI/install/theora_webcams:/home/urc/new-GUI/install/gui_window:/opt/ros/humble:/home/urc/new-GUI/install/geographic_msgs:/home/urc/new-GUI/install/aruco_finder /usr/bin/cmake --build /home/urc/new-GUI/build/theora_webcams -- -j4 -l4
