[0.158s] Invoking command in '/home/urc/new-GUI/build/theora_webcams': CMAKE_PREFIX_PATH=/home/urc/new-GUI/install/theora_webcams:/home/urc/new-GUI/install/gui_window:/opt/ros/humble:/home/urc/new-GUI/install/geographic_msgs:/home/urc/new-GUI/install/aruco_finder /usr/bin/cmake --build /home/urc/new-GUI/build/theora_webcams -- -j4 -l4
[0.211s] -- Found ament_cmake: 1.3.5 (/opt/ros/humble/share/ament_cmake/cmake)
[0.423s] -- Found ament_lint_auto: 0.12.8 (/opt/ros/humble/share/ament_lint_auto/cmake)
[0.530s] -- Found rosidl_default_generators: 1.2.0 (/opt/ros/humble/share/rosidl_default_generators/cmake)
[0.534s] -- Using all available rosidl_typesupport_c: rosidl_typesupport_fastrtps_c;rosidl_typesupport_introspection_c
[0.542s] -- Found rosidl_adapter: 3.1.5 (/opt/ros/humble/share/rosidl_adapter/cmake)
[0.597s] -- Using all available rosidl_typesupport_cpp: rosidl_typesupport_fastrtps_cpp;rosidl_typesupport_introspection_cpp
[0.648s] -- Found rclcpp: 16.0.6 (/opt/ros/humble/share/rclcpp/cmake)
[0.776s] -- Found rmw_implementation_cmake: 6.1.1 (/opt/ros/humble/share/rmw_implementation_cmake/cmake)
[0.788s] -- Found rmw_fastrtps_cpp: 6.2.4 (/opt/ros/humble/share/rmw_fastrtps_cpp/cmake)
[0.968s] -- Using RMW implementation 'rmw_fastrtps_cpp' as default
[1.278s] -- Found sensor_msgs: 4.2.3 (/opt/ros/humble/share/sensor_msgs/cmake)
[1.525s] -- Found cv_bridge: 3.2.1 (/opt/ros/humble/share/cv_bridge/cmake)
[1.540s] -- Found image_transport: 3.1.7 (/opt/ros/humble/share/image_transport/cmake)
[1.600s] -- Found camera_info_manager: 3.1.7 (/opt/ros/humble/share/camera_info_manager/cmake)
[2.167s] -- Found ament_cmake_ros: 0.10.0 (/opt/ros/humble/share/ament_cmake_ros/cmake)
[2.645s] -- Using all available rosidl_typesupport_c: rosidl_typesupport_fastrtps_c;rosidl_typesupport_introspection_c
[3.278s] -- Using all available rosidl_typesupport_cpp: rosidl_typesupport_fastrtps_cpp;rosidl_typesupport_introspection_cpp
[3.308s] -- Found python_cmake_module: 0.10.0 (/opt/ros/humble/share/python_cmake_module/cmake)
[3.336s] -- Using PYTHON_EXECUTABLE: /usr/bin/python3
[3.336s] -- Using PYTHON_INCLUDE_DIRS: /usr/include/python3.10
[3.337s] -- Using PYTHON_LIBRARIES: /usr/lib/x86_64-linux-gnu/libpython3.10.so
[3.457s] -- Added test 'cppcheck' to perform static code analysis on C / C++ code
[3.458s] -- Configured cppcheck include dirs: 
[3.459s] -- Configured cppcheck exclude dirs and/or files: 
[3.460s] -- Added test 'lint_cmake' to check CMake code style
[3.466s] -- Added test 'uncrustify' to check C / C++ code style
[3.466s] -- Configured uncrustify additional arguments: 
[3.467s] -- Added test 'xmllint' to check XML markup files
[3.475s] -- Configuring done
[3.573s] -- Generating done
[3.581s] -- Build files have been written to: /home/urc/new-GUI/build/theora_webcams
[3.644s] [35m[1mConsolidate compiler generated dependencies of target theora_webcams__rosidl_generator_c[0m
[3.663s] [  1%] Built target theora_webcams__cpp
[3.666s] [  2%] [32mBuilding CXX object CMakeFiles/camera_publisher.dir/src/camera_publisher_v4l2.cpp.o[0m
[3.668s] [  2%] Built target ament_cmake_python_copy_theora_webcams
[3.677s] [ 13%] Built target theora_webcams__rosidl_generator_c
[3.686s] [35m[1mConsolidate compiler generated dependencies of target theora_webcams__rosidl_typesupport_cpp[0m
[3.702s] [35m[1mConsolidate compiler generated dependencies of target theora_webcams__rosidl_typesupport_introspection_cpp[0m
[3.705s] [35m[1mConsolidate compiler generated dependencies of target theora_webcams__rosidl_typesupport_fastrtps_cpp[0m
[3.752s] [ 24%] Built target theora_webcams__rosidl_typesupport_cpp
[3.767s] [ 36%] Built target theora_webcams__rosidl_typesupport_fastrtps_cpp
[3.774s] [ 47%] Built target theora_webcams__rosidl_typesupport_introspection_cpp
[3.795s] [35m[1mConsolidate compiler generated dependencies of target theora_webcams__rosidl_typesupport_fastrtps_c[0m
[3.832s] [ 58%] Built target theora_webcams__rosidl_typesupport_fastrtps_c
[3.838s] [35m[1mConsolidate compiler generated dependencies of target theora_webcams__rosidl_typesupport_introspection_c[0m
[3.852s] [35m[1mConsolidate compiler generated dependencies of target theora_webcams__rosidl_typesupport_c[0m
[3.872s] [ 70%] Built target theora_webcams__rosidl_typesupport_c
[3.916s] [ 81%] Built target theora_webcams__rosidl_typesupport_introspection_c
[4.001s] [ 81%] Built target theora_webcams
[4.084s] [ 82%] Built target theora_webcams__py
[4.131s] [35m[1mConsolidate compiler generated dependencies of target theora_webcams__rosidl_generator_py[0m
[4.194s] [ 83%] [32mBuilding C object CMakeFiles/theora_webcams__rosidl_generator_py.dir/rosidl_generator_py/theora_webcams/msg/_resolution_s.c.o[0m
[4.194s] [ 84%] [32mBuilding C object CMakeFiles/theora_webcams__rosidl_generator_py.dir/rosidl_generator_py/theora_webcams/msg/_framerate_s.c.o[0m
[4.430s] running egg_info
[4.431s] writing theora_webcams.egg-info/PKG-INFO
[4.431s] writing dependency_links to theora_webcams.egg-info/dependency_links.txt
[4.432s] writing top-level names to theora_webcams.egg-info/top_level.txt
[4.435s] reading manifest file 'theora_webcams.egg-info/SOURCES.txt'
[4.446s] writing manifest file 'theora_webcams.egg-info/SOURCES.txt'
[4.488s] [ 84%] Built target ament_cmake_python_build_theora_webcams_egg
[4.515s] [ 85%] [32mBuilding C object CMakeFiles/theora_webcams__rosidl_generator_py.dir/rosidl_generator_py/theora_webcams/msg/_video_format_s.c.o[0m
[4.516s] [ 86%] [32mBuilding C object CMakeFiles/theora_webcams__rosidl_generator_py.dir/rosidl_generator_py/theora_webcams/msg/_status_s.c.o[0m
[4.555s] [ 87%] [32mBuilding C object CMakeFiles/theora_webcams__rosidl_generator_py.dir/rosidl_generator_py/theora_webcams/msg/_video_format_list_s.c.o[0m
[4.659s] [01m[K/home/urc/new-GUI/src/theora_webcams/src/camera_publisher_v4l2.cpp:15:10:[m[K [01;31m[Kfatal error: [m[Kimage_transport/image_transport.h: No such file or directory
[4.659s]    15 | #include [01;31m[K<image_transport/image_transport.h>[m[K
[4.659s]       |          [01;31m[K^~~~~~~~~~~~~~~~~~~~~~~~~~~~~~~~~~~[m[K
[4.659s] compilation terminated.
[4.667s] gmake[2]: *** [CMakeFiles/camera_publisher.dir/build.make:76: CMakeFiles/camera_publisher.dir/src/camera_publisher_v4l2.cpp.o] Error 1
[4.667s] gmake[1]: *** [CMakeFiles/Makefile2:592: CMakeFiles/camera_publisher.dir/all] Error 2
[4.667s] gmake[1]: *** Waiting for unfinished jobs....
[4.701s] [ 88%] [32mBuilding C object CMakeFiles/theora_webcams__rosidl_generator_py.dir/rosidl_generator_py/theora_webcams/srv/_change_video_s.c.o[0m
[4.727s] [ 89%] [32mBuilding C object CMakeFiles/theora_webcams__rosidl_generator_py.dir/rosidl_generator_py/theora_webcams/srv/_get_exposure_bounds_s.c.o[0m
[4.759s] [ 90%] [32mBuilding C object CMakeFiles/theora_webcams__rosidl_generator_py.dir/rosidl_generator_py/theora_webcams/srv/_get_resolutions_s.c.o[0m
[4.887s] [ 91%] [32mBuilding C object CMakeFiles/theora_webcams__rosidl_generator_py.dir/rosidl_generator_py/theora_webcams/srv/_set_exposure_s.c.o[0m
[5.077s] [ 92%] [32m[1mLinking C shared library rosidl_generator_py/theora_webcams/libtheora_webcams__rosidl_generator_py.so[0m
[5.157s] [ 92%] Built target theora_webcams__rosidl_generator_py
[5.160s] gmake: *** [Makefile:146: all] Error 2
[5.161s] Invoked command in '/home/urc/new-GUI/build/theora_webcams' returned '2': CMAKE_PREFIX_PATH=/home/urc/new-GUI/install/theora_webcams:/home/urc/new-GUI/install/gui_window:/opt/ros/humble:/home/urc/new-GUI/install/geographic_msgs:/home/urc/new-GUI/install/aruco_finder /usr/bin/cmake --build /home/urc/new-GUI/build/theora_webcams -- -j4 -l4
