[  1%] [32mBuilding CXX object CMakeFiles/camera_publisher.dir/src/camera_publisher_v4l2.cpp.o[0m
[  2%] Built target theora_webcams__cpp
[  2%] Built target ament_cmake_python_copy_theora_webcams
[ 13%] Built target theora_webcams__rosidl_generator_c
[ 24%] Built target theora_webcams__rosidl_typesupport_cpp
[ 36%] Built target theora_webcams__rosidl_typesupport_fastrtps_cpp
[ 47%] Built target theora_webcams__rosidl_typesupport_introspection_cpp
[ 58%] Built target theora_webcams__rosidl_typesupport_fastrtps_c
[ 70%] Built target theora_webcams__rosidl_typesupport_introspection_c
[ 81%] Built target theora_webcams__rosidl_typesupport_c
[ 81%] Built target theora_webcams
[ 82%] Built target theora_webcams__py
[35m[1mConsolidate compiler generated dependencies of target theora_webcams__rosidl_generator_py[0m
[ 92%] Built target theora_webcams__rosidl_generator_py
[35m[1mConsolidate compiler generated dependencies of target theora_webcams__rosidl_typesupport_fastrtps_c__pyext[0m
[35m[1mConsolidate compiler generated dependencies of target theora_webcams__rosidl_typesupport_introspection_c__pyext[0m
[ 93%] [32mBuilding C object CMakeFiles/theora_webcams__rosidl_typesupport_fastrtps_c__pyext.dir/rosidl_generator_py/theora_webcams/_theora_webcams_s.ep.rosidl_typesupport_fastrtps_c.c.o[0m
[ 94%] [32mBuilding C object CMakeFiles/theora_webcams__rosidl_typesupport_introspection_c__pyext.dir/rosidl_generator_py/theora_webcams/_theora_webcams_s.ep.rosidl_typesupport_introspection_c.c.o[0m
[01m[K/home/urc/new-GUI/src/theora_webcams/src/camera_publisher_v4l2.cpp:15:10:[m[K [01;31m[Kfatal error: [m[Kimage_transport/image_transport.hpp: No such file or directory
   15 | #include [01;31m[K<image_transport/image_transport.hpp>[m[K
      |          [01;31m[K^~~~~~~~~~~~~~~~~~~~~~~~~~~~~~~~~~~~~[m[K
compilation terminated.
running egg_info
writing theora_webcams.egg-info/PKG-INFO
writing dependency_links to theora_webcams.egg-info/dependency_links.txt
gmake[2]: *** [CMakeFiles/camera_publisher.dir/build.make:76: CMakeFiles/camera_publisher.dir/src/camera_publisher_v4l2.cpp.o] Error 1
writing top-level names to theora_webcams.egg-info/top_level.txt
gmake[1]: *** [CMakeFiles/Makefile2:592: CMakeFiles/camera_publisher.dir/all] Error 2
gmake[1]: *** Waiting for unfinished jobs....
reading manifest file 'theora_webcams.egg-info/SOURCES.txt'
writing manifest file 'theora_webcams.egg-info/SOURCES.txt'
[ 94%] Built target ament_cmake_python_build_theora_webcams_egg
[ 95%] [32m[1mLinking C shared library rosidl_generator_py/theora_webcams/theora_webcams_s__rosidl_typesupport_fastrtps_c.cpython-310-x86_64-linux-gnu.so[0m
[ 96%] [32m[1mLinking C shared library rosidl_generator_py/theora_webcams/theora_webcams_s__rosidl_typesupport_introspection_c.cpython-310-x86_64-linux-gnu.so[0m
[ 96%] Built target theora_webcams__rosidl_typesupport_introspection_c__pyext
[ 96%] Built target theora_webcams__rosidl_typesupport_fastrtps_c__pyext
gmake: *** [Makefile:146: all] Error 2
