[0.220s] Invoking command in '/home/urc/new-GUI/build/theora_webcams': CMAKE_PREFIX_PATH=/home/urc/new-GUI/install/theora_webcams:/home/urc/new-GUI/install/gui_window:/opt/ros/humble:/home/urc/new-GUI/install/geographic_msgs:/home/urc/new-GUI/install/aruco_finder /usr/bin/cmake --build /home/urc/new-GUI/build/theora_webcams -- -j4 -l4
[0.327s] -- Found ament_cmake: 1.3.5 (/opt/ros/humble/share/ament_cmake/cmake)
[0.747s] -- Found ament_lint_auto: 0.12.8 (/opt/ros/humble/share/ament_lint_auto/cmake)
[0.921s] -- Found rosidl_default_generators: 1.2.0 (/opt/ros/humble/share/rosidl_default_generators/cmake)
[0.925s] -- Using all available rosidl_typesupport_c: rosidl_typesupport_fastrtps_c;rosidl_typesupport_introspection_c
[0.934s] -- Found rosidl_adapter: 3.1.5 (/opt/ros/humble/share/rosidl_adapter/cmake)
[1.008s] -- Using all available rosidl_typesupport_cpp: rosidl_typesupport_fastrtps_cpp;rosidl_typesupport_introspection_cpp
[1.083s] -- Found rclcpp: 16.0.6 (/opt/ros/humble/share/rclcpp/cmake)
[1.250s] -- Found rmw_implementation_cmake: 6.1.1 (/opt/ros/humble/share/rmw_implementation_cmake/cmake)
[1.252s] -- Found rmw_fastrtps_cpp: 6.2.4 (/opt/ros/humble/share/rmw_fastrtps_cpp/cmake)
[1.434s] -- Using RMW implementation 'rmw_fastrtps_cpp' as default
[1.755s] -- Found sensor_msgs: 4.2.3 (/opt/ros/humble/share/sensor_msgs/cmake)
[2.016s] -- Found cv_bridge: 3.2.1 (/opt/ros/humble/share/cv_bridge/cmake)
[2.036s] -- Found image_transport: 3.1.7 (/opt/ros/humble/share/image_transport/cmake)
[2.121s] -- Found camera_info_manager: 3.1.7 (/opt/ros/humble/share/camera_info_manager/cmake)
[2.751s] -- Found ament_cmake_ros: 0.10.0 (/opt/ros/humble/share/ament_cmake_ros/cmake)
[3.277s] -- Using all available rosidl_typesupport_c: rosidl_typesupport_fastrtps_c;rosidl_typesupport_introspection_c
[3.918s] -- Using all available rosidl_typesupport_cpp: rosidl_typesupport_fastrtps_cpp;rosidl_typesupport_introspection_cpp
[3.950s] -- Found python_cmake_module: 0.10.0 (/opt/ros/humble/share/python_cmake_module/cmake)
[3.978s] -- Using PYTHON_EXECUTABLE: /usr/bin/python3
[3.978s] -- Using PYTHON_INCLUDE_DIRS: /usr/include/python3.10
[3.978s] -- Using PYTHON_LIBRARIES: /usr/lib/x86_64-linux-gnu/libpython3.10.so
[4.108s] -- Added test 'cppcheck' to perform static code analysis on C / C++ code
[4.110s] -- Configured cppcheck include dirs: 
[4.111s] -- Configured cppcheck exclude dirs and/or files: 
[4.114s] -- Added test 'lint_cmake' to check CMake code style
[4.118s] -- Added test 'uncrustify' to check C / C++ code style
[4.119s] -- Configured uncrustify additional arguments: 
[4.120s] -- Added test 'xmllint' to check XML markup files
[4.125s] -- Configuring done
[4.229s] -- Generating done
[4.235s] -- Build files have been written to: /home/urc/new-GUI/build/theora_webcams
[4.285s] [35m[1mConsolidate compiler generated dependencies of target theora_webcams__rosidl_generator_c[0m
[4.325s] [  1%] [32mBuilding CXX object CMakeFiles/camera_publisher.dir/src/camera_publisher_v4l2.cpp.o[0m
[4.338s] [  1%] Built target ament_cmake_python_copy_theora_webcams
[4.342s] [ 12%] Built target theora_webcams__rosidl_generator_c
[4.346s] [ 13%] Built target theora_webcams__cpp
[4.368s] [35m[1mConsolidate compiler generated dependencies of target theora_webcams__rosidl_typesupport_fastrtps_c[0m
[4.394s] [35m[1mConsolidate compiler generated dependencies of target theora_webcams__rosidl_typesupport_introspection_c[0m
[4.423s] [ 24%] Built target theora_webcams__rosidl_typesupport_fastrtps_c
[4.441s] [35m[1mConsolidate compiler generated dependencies of target theora_webcams__rosidl_typesupport_c[0m
[4.453s] [ 36%] Built target theora_webcams__rosidl_typesupport_introspection_c
[4.466s] [ 47%] Built target theora_webcams__rosidl_typesupport_c
[4.494s] [35m[1mConsolidate compiler generated dependencies of target theora_webcams__rosidl_typesupport_introspection_cpp[0m
[4.496s] [35m[1mConsolidate compiler generated dependencies of target theora_webcams__rosidl_typesupport_fastrtps_cpp[0m
[4.532s] [ 58%] Built target theora_webcams__rosidl_typesupport_introspection_cpp
[4.576s] [ 70%] Built target theora_webcams__rosidl_typesupport_fastrtps_cpp
[4.593s] [35m[1mConsolidate compiler generated dependencies of target theora_webcams__rosidl_typesupport_cpp[0m
[4.660s] [ 81%] Built target theora_webcams__rosidl_typesupport_cpp
[4.712s] [ 81%] Built target theora_webcams
[4.810s] [ 82%] Built target theora_webcams__py
[4.853s] [35m[1mConsolidate compiler generated dependencies of target theora_webcams__rosidl_generator_py[0m
[4.933s] [ 92%] Built target theora_webcams__rosidl_generator_py
[4.959s] [35m[1mConsolidate compiler generated dependencies of target theora_webcams__rosidl_typesupport_introspection_c__pyext[0m
[5.001s] [ 94%] Built target theora_webcams__rosidl_typesupport_introspection_c__pyext
[5.025s] [35m[1mConsolidate compiler generated dependencies of target theora_webcams__rosidl_typesupport_fastrtps_c__pyext[0m
[5.040s] [35m[1mConsolidate compiler generated dependencies of target theora_webcams__rosidl_typesupport_c__pyext[0m
[5.081s] [ 96%] Built target theora_webcams__rosidl_typesupport_fastrtps_c__pyext
[5.135s] [ 98%] Built target theora_webcams__rosidl_typesupport_c__pyext
[5.173s] running egg_info
[5.173s] writing theora_webcams.egg-info/PKG-INFO
[5.174s] writing dependency_links to theora_webcams.egg-info/dependency_links.txt
[5.174s] writing top-level names to theora_webcams.egg-info/top_level.txt
[5.174s] reading manifest file 'theora_webcams.egg-info/SOURCES.txt'
[5.180s] writing manifest file 'theora_webcams.egg-info/SOURCES.txt'
[5.185s] [01m[K/home/urc/new-GUI/src/theora_webcams/src/camera_publisher_v4l2.cpp:16:10:[m[K [01;31m[Kfatal error: [m[Kopencv2/opencv.hpp: No such file or directory
[5.185s]    16 | #include [01;31m[K<opencv2/opencv.hpp>[m[K
[5.185s]       |          [01;31m[K^~~~~~~~~~~~~~~~~~~~[m[K
[5.185s] compilation terminated.
[5.198s] gmake[2]: *** [CMakeFiles/camera_publisher.dir/build.make:76: CMakeFiles/camera_publisher.dir/src/camera_publisher_v4l2.cpp.o] Error 1
[5.198s] gmake[1]: *** [CMakeFiles/Makefile2:592: CMakeFiles/camera_publisher.dir/all] Error 2
[5.198s] gmake[1]: *** Waiting for unfinished jobs....
[5.228s] [ 98%] Built target ament_cmake_python_build_theora_webcams_egg
[5.230s] gmake: *** [Makefile:146: all] Error 2
[5.232s] Invoked command in '/home/urc/new-GUI/build/theora_webcams' returned '2': CMAKE_PREFIX_PATH=/home/urc/new-GUI/install/theora_webcams:/home/urc/new-GUI/install/gui_window:/opt/ros/humble:/home/urc/new-GUI/install/geographic_msgs:/home/urc/new-GUI/install/aruco_finder /usr/bin/cmake --build /home/urc/new-GUI/build/theora_webcams -- -j4 -l4
