[0.118s] Invoking command in '/home/urc/new-GUI/build/theora_webcams': CMAKE_PREFIX_PATH=/home/urc/new-GUI/install/theora_webcams:/home/urc/new-GUI/install/gui_window:/opt/ros/humble:/home/urc/new-GUI/install/geographic_msgs:/home/urc/new-GUI/install/aruco_finder /usr/bin/cmake --build /home/urc/new-GUI/build/theora_webcams -- -j4 -l4
[0.328s] [  1%] Built target theora_webcams__cpp
[0.328s] [  2%] [32mBuilding CXX object CMakeFiles/camera_publisher.dir/src/camera_publisher_v4l2.cpp.o[0m
[0.348s] [  2%] Built target ament_cmake_python_copy_theora_webcams
[0.348s] [ 13%] Built target theora_webcams__rosidl_generator_c
[0.427s] [ 24%] Built target theora_webcams__rosidl_typesupport_cpp
[0.428s] [ 36%] Built target theora_webcams__rosidl_typesupport_fastrtps_cpp
[0.442s] [ 47%] Built target theora_webcams__rosidl_typesupport_introspection_cpp
[0.561s] [ 58%] Built target theora_webcams__rosidl_typesupport_fastrtps_c
[0.591s] [ 70%] Built target theora_webcams__rosidl_typesupport_introspection_c
[0.675s] [ 81%] Built target theora_webcams__rosidl_typesupport_c
[0.755s] [ 81%] Built target theora_webcams
[0.867s] [ 82%] Built target theora_webcams__py
[0.978s] [ 92%] Built target theora_webcams__rosidl_generator_py
[1.067s] [ 94%] Built target theora_webcams__rosidl_typesupport_fastrtps_c__pyext
[1.094s] [ 96%] Built target theora_webcams__rosidl_typesupport_introspection_c__pyext
[1.171s] [ 98%] Built target theora_webcams__rosidl_typesupport_c__pyext
[1.208s] running egg_info
[1.208s] writing theora_webcams.egg-info/PKG-INFO
[1.208s] writing dependency_links to theora_webcams.egg-info/dependency_links.txt
[1.208s] writing top-level names to theora_webcams.egg-info/top_level.txt
[1.216s] reading manifest file 'theora_webcams.egg-info/SOURCES.txt'
[1.216s] writing manifest file 'theora_webcams.egg-info/SOURCES.txt'
[1.302s] [ 98%] Built target ament_cmake_python_build_theora_webcams_egg
[1.697s] [01m[K/home/urc/new-GUI/src/theora_webcams/src/camera_publisher_v4l2.cpp:21:10:[m[K [01;31m[Kfatal error: [m[Ktheora_webcams/msg/Framerate.hpp: No such file or directory
[1.698s]    21 | #include [01;31m[K"theora_webcams/msg/Framerate.hpp"[m[K
[1.698s]       |          [01;31m[K^~~~~~~~~~~~~~~~~~~~~~~~~~~~~~~~~~[m[K
[1.699s] compilation terminated.
[1.709s] gmake[2]: *** [CMakeFiles/camera_publisher.dir/build.make:76: CMakeFiles/camera_publisher.dir/src/camera_publisher_v4l2.cpp.o] Error 1
[1.709s] gmake[1]: *** [CMakeFiles/Makefile2:592: CMakeFiles/camera_publisher.dir/all] Error 2
[1.711s] gmake: *** [Makefile:146: all] Error 2
[1.715s] Invoked command in '/home/urc/new-GUI/build/theora_webcams' returned '2': CMAKE_PREFIX_PATH=/home/urc/new-GUI/install/theora_webcams:/home/urc/new-GUI/install/gui_window:/opt/ros/humble:/home/urc/new-GUI/install/geographic_msgs:/home/urc/new-GUI/install/aruco_finder /usr/bin/cmake --build /home/urc/new-GUI/build/theora_webcams -- -j4 -l4
