[0.123s] Invoking command in '/home/urc/new-GUI/build/theora_webcams': CMAKE_PREFIX_PATH=/home/urc/new-GUI/install/theora_webcams:/home/urc/new-GUI/install/gui_window:/opt/ros/humble:/home/urc/new-GUI/install/geographic_msgs:/home/urc/new-GUI/install/aruco_finder /usr/bin/cmake --build /home/urc/new-GUI/build/theora_webcams -- -j4 -l4
[0.171s] -- Found ament_cmake: 1.3.5 (/opt/ros/humble/share/ament_cmake/cmake)
[0.384s] -- Found ament_lint_auto: 0.12.8 (/opt/ros/humble/share/ament_lint_auto/cmake)
[0.493s] -- Found rosidl_default_generators: 1.2.0 (/opt/ros/humble/share/rosidl_default_generators/cmake)
[0.496s] -- Using all available rosidl_typesupport_c: rosidl_typesupport_fastrtps_c;rosidl_typesupport_introspection_c
[0.502s] -- Found rosidl_adapter: 3.1.5 (/opt/ros/humble/share/rosidl_adapter/cmake)
[0.552s] -- Using all available rosidl_typesupport_cpp: rosidl_typesupport_fastrtps_cpp;rosidl_typesupport_introspection_cpp
[0.600s] -- Found rclcpp: 16.0.6 (/opt/ros/humble/share/rclcpp/cmake)
[0.736s] -- Found rmw_implementation_cmake: 6.1.1 (/opt/ros/humble/share/rmw_implementation_cmake/cmake)
[0.739s] -- Found rmw_fastrtps_cpp: 6.2.4 (/opt/ros/humble/share/rmw_fastrtps_cpp/cmake)
[0.929s] -- Using RMW implementation 'rmw_fastrtps_cpp' as default
[1.235s] -- Found sensor_msgs: 4.2.3 (/opt/ros/humble/share/sensor_msgs/cmake)
[1.477s] -- Found cv_bridge: 3.2.1 (/opt/ros/humble/share/cv_bridge/cmake)
[1.492s] -- Found image_transport: 3.1.7 (/opt/ros/humble/share/image_transport/cmake)
[1.546s] -- Found camera_info_manager: 3.1.7 (/opt/ros/humble/share/camera_info_manager/cmake)
[2.123s] -- Found ament_cmake_ros: 0.10.0 (/opt/ros/humble/share/ament_cmake_ros/cmake)
[2.615s] -- Using all available rosidl_typesupport_c: rosidl_typesupport_fastrtps_c;rosidl_typesupport_introspection_c
[3.266s] -- Using all available rosidl_typesupport_cpp: rosidl_typesupport_fastrtps_cpp;rosidl_typesupport_introspection_cpp
[3.299s] -- Found python_cmake_module: 0.10.0 (/opt/ros/humble/share/python_cmake_module/cmake)
[3.324s] -- Using PYTHON_EXECUTABLE: /usr/bin/python3
[3.324s] -- Using PYTHON_INCLUDE_DIRS: /usr/include/python3.10
[3.324s] -- Using PYTHON_LIBRARIES: /usr/lib/x86_64-linux-gnu/libpython3.10.so
[3.450s] -- Added test 'cppcheck' to perform static code analysis on C / C++ code
[3.452s] -- Configured cppcheck include dirs: 
[3.452s] -- Configured cppcheck exclude dirs and/or files: 
[3.454s] -- Added test 'lint_cmake' to check CMake code style
[3.458s] -- Added test 'uncrustify' to check C / C++ code style
[3.458s] -- Configured uncrustify additional arguments: 
[3.459s] -- Added test 'xmllint' to check XML markup files
[3.464s] -- Configuring done
[3.570s] -- Generating done
[3.579s] -- Build files have been written to: /home/urc/new-GUI/build/theora_webcams
[3.623s] [35m[1mConsolidate compiler generated dependencies of target theora_webcams__rosidl_generator_c[0m
[3.649s] [  1%] Built target theora_webcams__cpp
[3.659s] [ 12%] Built target theora_webcams__rosidl_generator_c
[3.659s] [ 13%] [32mBuilding CXX object CMakeFiles/camera_publisher.dir/src/camera_publisher_v4l2.cpp.o[0m
[3.680s] [35m[1mConsolidate compiler generated dependencies of target theora_webcams__rosidl_typesupport_cpp[0m
[3.685s] [ 13%] Built target ament_cmake_python_copy_theora_webcams
[3.685s] [35m[1mConsolidate compiler generated dependencies of target theora_webcams__rosidl_typesupport_fastrtps_cpp[0m
[3.732s] [35m[1mConsolidate compiler generated dependencies of target theora_webcams__rosidl_typesupport_introspection_cpp[0m
[3.760s] [ 24%] Built target theora_webcams__rosidl_typesupport_fastrtps_cpp
[3.774s] [ 36%] Built target theora_webcams__rosidl_typesupport_introspection_cpp
[3.789s] [ 47%] Built target theora_webcams__rosidl_typesupport_cpp
[3.801s] [35m[1mConsolidate compiler generated dependencies of target theora_webcams__rosidl_typesupport_fastrtps_c[0m
[3.828s] [35m[1mConsolidate compiler generated dependencies of target theora_webcams__rosidl_typesupport_introspection_c[0m
[3.843s] [ 58%] Built target theora_webcams__rosidl_typesupport_fastrtps_c
[3.867s] [35m[1mConsolidate compiler generated dependencies of target theora_webcams__rosidl_typesupport_c[0m
[3.889s] [ 70%] Built target theora_webcams__rosidl_typesupport_introspection_c
[3.896s] [ 81%] Built target theora_webcams__rosidl_typesupport_c
[3.955s] [ 81%] Built target theora_webcams
[4.000s] [ 82%] Built target theora_webcams__py
[4.019s] [35m[1mConsolidate compiler generated dependencies of target theora_webcams__rosidl_generator_py[0m
[4.054s] [ 92%] Built target theora_webcams__rosidl_generator_py
[4.104s] [35m[1mConsolidate compiler generated dependencies of target theora_webcams__rosidl_typesupport_fastrtps_c__pyext[0m
[4.104s] [35m[1mConsolidate compiler generated dependencies of target theora_webcams__rosidl_typesupport_introspection_c__pyext[0m
[4.142s] [ 94%] Built target theora_webcams__rosidl_typesupport_fastrtps_c__pyext
[4.167s] [ 96%] Built target theora_webcams__rosidl_typesupport_introspection_c__pyext
[4.170s] [35m[1mConsolidate compiler generated dependencies of target theora_webcams__rosidl_typesupport_c__pyext[0m
[4.240s] [ 98%] Built target theora_webcams__rosidl_typesupport_c__pyext
[4.384s] running egg_info
[4.387s] writing theora_webcams.egg-info/PKG-INFO
[4.387s] writing dependency_links to theora_webcams.egg-info/dependency_links.txt
[4.387s] writing top-level names to theora_webcams.egg-info/top_level.txt
[4.391s] reading manifest file 'theora_webcams.egg-info/SOURCES.txt'
[4.396s] writing manifest file 'theora_webcams.egg-info/SOURCES.txt'
[4.431s] [ 98%] Built target ament_cmake_python_build_theora_webcams_egg
[4.557s] [01m[K/home/urc/new-GUI/src/theora_webcams/src/camera_publisher_v4l2.cpp:19:10:[m[K [01;31m[Kfatal error: [m[Kcamera_info_manager/camera_info_manager.h: No such file or directory
[4.557s]    19 | #include [01;31m[K<camera_info_manager/camera_info_manager.h>[m[K
[4.557s]       |          [01;31m[K^~~~~~~~~~~~~~~~~~~~~~~~~~~~~~~~~~~~~~~~~~~[m[K
[4.557s] compilation terminated.
[4.562s] gmake[2]: *** [CMakeFiles/camera_publisher.dir/build.make:76: CMakeFiles/camera_publisher.dir/src/camera_publisher_v4l2.cpp.o] Error 1
[4.562s] gmake[1]: *** [CMakeFiles/Makefile2:592: CMakeFiles/camera_publisher.dir/all] Error 2
[4.562s] gmake: *** [Makefile:146: all] Error 2
[4.565s] Invoked command in '/home/urc/new-GUI/build/theora_webcams' returned '2': CMAKE_PREFIX_PATH=/home/urc/new-GUI/install/theora_webcams:/home/urc/new-GUI/install/gui_window:/opt/ros/humble:/home/urc/new-GUI/install/geographic_msgs:/home/urc/new-GUI/install/aruco_finder /usr/bin/cmake --build /home/urc/new-GUI/build/theora_webcams -- -j4 -l4
