[35m[1mConsolidate compiler generated dependencies of target aruco_finder__rosidl_generator_c[0m
[  2%] Built target aruco_finder__cpp
[35m[1mConsolidate compiler generated dependencies of target aruco_finder__rosidl_typesupport_cpp[0m
[35m[1mConsolidate compiler generated dependencies of target aruco_finder__rosidl_typesupport_fastrtps_cpp[0m
[ 12%] Built target aruco_finder__rosidl_generator_c
[ 23%] Built target aruco_finder__rosidl_typesupport_cpp
[ 33%] Built target aruco_finder__rosidl_typesupport_fastrtps_cpp
failed to create symbolic link '/home/urc/new-GUI/build/aruco_finder/ament_cmake_python/aruco_finder/aruco_finder' because existing path cannot be removed: Is a directory
gmake[2]: *** [CMakeFiles/ament_cmake_python_symlink_aruco_finder.dir/build.make:70: CMakeFiles/ament_cmake_python_symlink_aruco_finder] Error 1
gmake[1]: *** [CMakeFiles/Makefile2:421: CMakeFiles/ament_cmake_python_symlink_aruco_finder.dir/all] Error 2
gmake[1]: *** Waiting for unfinished jobs....
gmake: *** [Makefile:146: all] Error 2
