[0.294s] Invoking command in '/home/urc/new-GUI/build/aruco_finder': CMAKE_PREFIX_PATH=/opt/ros/humble /usr/bin/cmake --build /home/urc/new-GUI/build/aruco_finder -- -j4 -l4
[0.862s] [35m[1mConsolidate compiler generated dependencies of target aruco_finder__rosidl_generator_c[0m
[0.862s] [  2%] Built target aruco_finder__cpp
[0.862s] [35m[1mConsolidate compiler generated dependencies of target aruco_finder__rosidl_typesupport_cpp[0m
[0.863s] [35m[1mConsolidate compiler generated dependencies of target aruco_finder__rosidl_typesupport_fastrtps_cpp[0m
[0.863s] [ 12%] Built target aruco_finder__rosidl_generator_c
[0.863s] [ 23%] Built target aruco_finder__rosidl_typesupport_cpp
[0.863s] [ 33%] Built target aruco_finder__rosidl_typesupport_fastrtps_cpp
[0.863s] failed to create symbolic link '/home/urc/new-GUI/build/aruco_finder/ament_cmake_python/aruco_finder/aruco_finder' because existing path cannot be removed: Is a directory
[0.863s] gmake[2]: *** [CMakeFiles/ament_cmake_python_symlink_aruco_finder.dir/build.make:70: CMakeFiles/ament_cmake_python_symlink_aruco_finder] Error 1
[0.863s] gmake[1]: *** [CMakeFiles/Makefile2:421: CMakeFiles/ament_cmake_python_symlink_aruco_finder.dir/all] Error 2
[0.863s] gmake[1]: *** Waiting for unfinished jobs....
[0.863s] gmake: *** [Makefile:146: all] Error 2
[0.865s] Invoked command in '/home/urc/new-GUI/build/aruco_finder' returned '2': CMAKE_PREFIX_PATH=/opt/ros/humble /usr/bin/cmake --build /home/urc/new-GUI/build/aruco_finder -- -j4 -l4
