[0.144s] Invoking command in '/home/urc/new-GUI/build/theora_webcams': CMAKE_PREFIX_PATH=/home/urc/new-GUI/install/theora_webcams:/home/urc/new-GUI/install/gui_window:/opt/ros/humble:/home/urc/new-GUI/install/geographic_msgs:/home/urc/new-GUI/install/aruco_finder /usr/bin/cmake --build /home/urc/new-GUI/build/theora_webcams -- -j4 -l4
[0.271s] [  1%] [32mBuilding CXX object CMakeFiles/camera_publisher.dir/src/camera_publisher_v4l2.cpp.o[0m
[0.278s] [  2%] Built target theora_webcams__cpp
[0.298s] [ 13%] Built target theora_webcams__rosidl_generator_c
[0.320s] [ 24%] Built target theora_webcams__rosidl_typesupport_cpp
[0.328s] [ 24%] Built target ament_cmake_python_copy_theora_webcams
[0.380s] [ 36%] Built target theora_webcams__rosidl_typesupport_fastrtps_cpp
[0.404s] [ 47%] Built target theora_webcams__rosidl_typesupport_introspection_cpp
[0.456s] [ 58%] Built target theora_webcams__rosidl_typesupport_fastrtps_c
[0.486s] [ 70%] Built target theora_webcams__rosidl_typesupport_introspection_c
[0.505s] [ 81%] Built target theora_webcams__rosidl_typesupport_c
[0.560s] [ 81%] Built target theora_webcams
[0.670s] [ 82%] Built target theora_webcams__py
[0.761s] [ 92%] Built target theora_webcams__rosidl_generator_py
[0.803s] [ 94%] Built target theora_webcams__rosidl_typesupport_introspection_c__pyext
[0.824s] [ 96%] Built target theora_webcams__rosidl_typesupport_fastrtps_c__pyext
[0.867s] [ 98%] Built target theora_webcams__rosidl_typesupport_c__pyext
[1.156s] running egg_info
[1.158s] writing theora_webcams.egg-info/PKG-INFO
[1.158s] writing dependency_links to theora_webcams.egg-info/dependency_links.txt
[1.158s] writing top-level names to theora_webcams.egg-info/top_level.txt
[1.164s] reading manifest file 'theora_webcams.egg-info/SOURCES.txt'
[1.168s] writing manifest file 'theora_webcams.egg-info/SOURCES.txt'
[1.218s] [ 98%] Built target ament_cmake_python_build_theora_webcams_egg
[1.467s] [01m[K/home/urc/new-GUI/src/theora_webcams/src/camera_publisher_v4l2.cpp:21:10:[m[K [01;31m[Kfatal error: [m[Ktheora_webcams/Framerate.hpp: No such file or directory
[1.468s]    21 | #include [01;31m[K"theora_webcams/Framerate.hpp"[m[K
[1.468s]       |          [01;31m[K^~~~~~~~~~~~~~~~~~~~~~~~~~~~~~[m[K
[1.468s] compilation terminated.
[1.497s] gmake[2]: *** [CMakeFiles/camera_publisher.dir/build.make:76: CMakeFiles/camera_publisher.dir/src/camera_publisher_v4l2.cpp.o] Error 1
[1.498s] gmake[1]: *** [CMakeFiles/Makefile2:592: CMakeFiles/camera_publisher.dir/all] Error 2
[1.498s] gmake: *** [Makefile:146: all] Error 2
[1.502s] Invoked command in '/home/urc/new-GUI/build/theora_webcams' returned '2': CMAKE_PREFIX_PATH=/home/urc/new-GUI/install/theora_webcams:/home/urc/new-GUI/install/gui_window:/opt/ros/humble:/home/urc/new-GUI/install/geographic_msgs:/home/urc/new-GUI/install/aruco_finder /usr/bin/cmake --build /home/urc/new-GUI/build/theora_webcams -- -j4 -l4
