[0.781s] Invoking command in '/home/urc/new-GUI/build/theora_webcams': CMAKE_PREFIX_PATH=/home/urc/new-GUI/install/theora_webcams:/home/urc/new-GUI/install/gui_window:/opt/ros/humble:/home/urc/new-GUI/install/geographic_msgs:/home/urc/new-GUI/install/aruco_finder /usr/bin/cmake --build /home/urc/new-GUI/build/theora_webcams -- -j4 -l4
[0.882s] [  2%] [32mBuilding CXX object CMakeFiles/camera_publisher.dir/src/camera_publisher_v4l2.cpp.o[0m
[0.882s] [ 12%] Built target theora_webcams__rosidl_generator_c
[0.916s] [ 13%] Built target theora_webcams__cpp
[0.930s] [ 13%] Built target ament_cmake_python_copy_theora_webcams
[0.984s] [ 24%] Built target theora_webcams__rosidl_typesupport_fastrtps_c
[1.019s] [35m[1mConsolidate compiler generated dependencies of target theora_webcams__rosidl_typesupport_c[0m
[1.030s] [35m[1mConsolidate compiler generated dependencies of target theora_webcams__rosidl_typesupport_introspection_c[0m
[1.074s] [ 36%] Built target theora_webcams__rosidl_typesupport_introspection_c
[1.090s] [ 47%] Built target theora_webcams__rosidl_typesupport_c
[1.123s] [ 58%] Built target theora_webcams__rosidl_typesupport_fastrtps_cpp
[1.170s] [ 70%] Built target theora_webcams__rosidl_typesupport_cpp
[1.176s] [ 81%] Built target theora_webcams__rosidl_typesupport_introspection_cpp
[1.264s] [ 81%] Built target theora_webcams
[1.355s] [ 82%] Built target theora_webcams__py
[1.445s] [35m[1mConsolidate compiler generated dependencies of target theora_webcams__rosidl_generator_py[0m
[1.467s] [01m[K/home/urc/new-GUI/src/theora_webcams/src/camera_publisher_v4l2.cpp:14:10:[m[K [01;31m[Kfatal error: [m[Kros/ros.h: No such file or directory
[1.468s]    14 | #include [01;31m[K<ros/ros.h>[m[K
[1.468s]       |          [01;31m[K^~~~~~~~~~~[m[K
[1.468s] compilation terminated.
[1.480s] gmake[2]: *** [CMakeFiles/camera_publisher.dir/build.make:76: CMakeFiles/camera_publisher.dir/src/camera_publisher_v4l2.cpp.o] Error 1
[1.482s] gmake[1]: *** [CMakeFiles/Makefile2:592: CMakeFiles/camera_publisher.dir/all] Error 2
[1.483s] gmake[1]: *** Waiting for unfinished jobs....
[1.549s] [ 92%] Built target theora_webcams__rosidl_generator_py
[1.868s] running egg_info
[1.868s] writing theora_webcams.egg-info/PKG-INFO
[1.868s] writing dependency_links to theora_webcams.egg-info/dependency_links.txt
[1.868s] writing top-level names to theora_webcams.egg-info/top_level.txt
[1.868s] reading manifest file 'theora_webcams.egg-info/SOURCES.txt'
[1.870s] writing manifest file 'theora_webcams.egg-info/SOURCES.txt'
[1.916s] [ 92%] Built target ament_cmake_python_build_theora_webcams_egg
[1.916s] gmake: *** [Makefile:146: all] Error 2
[2.033s] Invoked command in '/home/urc/new-GUI/build/theora_webcams' returned '2': CMAKE_PREFIX_PATH=/home/urc/new-GUI/install/theora_webcams:/home/urc/new-GUI/install/gui_window:/opt/ros/humble:/home/urc/new-GUI/install/geographic_msgs:/home/urc/new-GUI/install/aruco_finder /usr/bin/cmake --build /home/urc/new-GUI/build/theora_webcams -- -j4 -l4
