[0.961s] Invoking command in '/home/urc/new-GUI/build/theora_webcams': CMAKE_PREFIX_PATH=/home/urc/new-GUI/install/theora_webcams:/home/urc/new-GUI/install/gui_window:/opt/ros/humble:/home/urc/new-GUI/install/geographic_msgs:/home/urc/new-GUI/install/aruco_finder /usr/bin/cmake --build /home/urc/new-GUI/build/theora_webcams -- -j4 -l4
[1.102s] [ 11%] Built target theora_webcams__rosidl_generator_c
[1.112s] [ 12%] [32mBuilding CXX object CMakeFiles/camera_publisher.dir/src/camera_publisher_v4l2.cpp.o[0m
[1.116s] [ 13%] Built target theora_webcams__cpp
[1.146s] [35m[1mConsolidate compiler generated dependencies of target theora_webcams__rosidl_typesupport_fastrtps_c[0m
[1.156s] [01m[K/home/urc/new-GUI/src/theora_webcams/src/camera_publisher_v4l2.cpp:6:10:[m[K [01;31m[Kfatal error: [m[Kv4l2.h: No such file or directory
[1.156s]     6 | #include [01;31m[K<v4l2.h>[m[K
[1.157s]       |          [01;31m[K^~~~~~~~[m[K
[1.157s] compilation terminated.
[1.159s] gmake[2]: *** [CMakeFiles/camera_publisher.dir/build.make:76: CMakeFiles/camera_publisher.dir/src/camera_publisher_v4l2.cpp.o] Error 1
[1.160s] gmake[1]: *** [CMakeFiles/Makefile2:592: CMakeFiles/camera_publisher.dir/all] Error 2
[1.160s] gmake[1]: *** Waiting for unfinished jobs....
[1.172s] [ 13%] Built target ament_cmake_python_copy_theora_webcams
[1.180s] [35m[1mConsolidate compiler generated dependencies of target theora_webcams__rosidl_typesupport_introspection_c[0m
[1.224s] [ 24%] Built target theora_webcams__rosidl_typesupport_introspection_c
[1.235s] [ 36%] Built target theora_webcams__rosidl_typesupport_fastrtps_c
[1.245s] gmake: *** [Makefile:146: all] Error 2
[1.255s] Invoked command in '/home/urc/new-GUI/build/theora_webcams' returned '2': CMAKE_PREFIX_PATH=/home/urc/new-GUI/install/theora_webcams:/home/urc/new-GUI/install/gui_window:/opt/ros/humble:/home/urc/new-GUI/install/geographic_msgs:/home/urc/new-GUI/install/aruco_finder /usr/bin/cmake --build /home/urc/new-GUI/build/theora_webcams -- -j4 -l4
