[1.352s] Invoking command in '/home/urc/new-GUI/build/theora_webcams': CMAKE_PREFIX_PATH=/home/urc/new-GUI/install/theora_webcams:/home/urc/new-GUI/install/gui_window:/opt/ros/humble:/home/urc/new-GUI/install/geographic_msgs:/home/urc/new-GUI/install/aruco_finder /usr/bin/cmake --build /home/urc/new-GUI/build/theora_webcams -- -j4 -l4
[1.454s] [  1%] [32mBuilding CXX object CMakeFiles/camera_publisher.dir/src/camera_publisher_v4l2.cpp.o[0m
[1.455s] [ 12%] Built target theora_webcams__rosidl_generator_c
[1.455s] [ 13%] Built target theora_webcams__cpp
[1.530s] [ 13%] Built target ament_cmake_python_copy_theora_webcams
[1.530s] [ 24%] Built target theora_webcams__rosidl_typesupport_fastrtps_cpp
[1.552s] [ 36%] Built target theora_webcams__rosidl_typesupport_cpp
[1.749s] [ 47%] Built target theora_webcams__rosidl_typesupport_introspection_cpp
[2.187s] [ 58%] Built target theora_webcams__rosidl_typesupport_fastrtps_c
[2.227s] [ 70%] Built target theora_webcams__rosidl_typesupport_introspection_c
[2.388s] running egg_info
[2.389s] writing theora_webcams.egg-info/PKG-INFO
[2.436s] writing dependency_links to theora_webcams.egg-info/dependency_links.txt
[2.458s] [01m[K/home/urc/new-GUI/src/theora_webcams/src/camera_publisher_v4l2.cpp:14:10:[m[K [01;31m[Kfatal error: [m[Krclcpp/rclcpp.h: No such file or directory
[2.458s]    14 | #include [01;31m[K<rclcpp/rclcpp.h>[m[K
[2.458s]       |          [01;31m[K^~~~~~~~~~~~~~~~~[m[K
[2.460s] compilation terminated.
[2.492s] writing top-level names to theora_webcams.egg-info/top_level.txt
[2.494s] gmake[2]: *** [CMakeFiles/camera_publisher.dir/build.make:76: CMakeFiles/camera_publisher.dir/src/camera_publisher_v4l2.cpp.o] Error 1
[2.499s] reading manifest file 'theora_webcams.egg-info/SOURCES.txt'
[2.507s] gmake[1]: *** [CMakeFiles/Makefile2:592: CMakeFiles/camera_publisher.dir/all] Error 2
[2.507s] gmake[1]: *** Waiting for unfinished jobs....
[2.509s] writing manifest file 'theora_webcams.egg-info/SOURCES.txt'
[2.525s] [ 81%] Built target theora_webcams__rosidl_typesupport_c
[2.656s] gmake: *** [Makefile:146: all] Error 2
[2.657s] [ 81%] Built target ament_cmake_python_build_theora_webcams_egg
[2.896s] Invoked command in '/home/urc/new-GUI/build/theora_webcams' returned '2': CMAKE_PREFIX_PATH=/home/urc/new-GUI/install/theora_webcams:/home/urc/new-GUI/install/gui_window:/opt/ros/humble:/home/urc/new-GUI/install/geographic_msgs:/home/urc/new-GUI/install/aruco_finder /usr/bin/cmake --build /home/urc/new-GUI/build/theora_webcams -- -j4 -l4
