[0.488s] Invoking command in '/home/urc/new-GUI/build/aruco_finder': CMAKE_PREFIX_PATH=/opt/ros/humble /usr/bin/cmake /home/urc/new-GUI/src/aruco_finder -DCMAKE_INSTALL_PREFIX=/home/urc/new-GUI/install/aruco_finder
[1.175s] -- Found ament_cmake: 1.3.5 (/opt/ros/humble/share/ament_cmake/cmake)
[1.175s] -- Override CMake install command with custom implementation using symlinks instead of copying resources
[1.175s] -- Found ament_lint_auto: 0.12.8 (/opt/ros/humble/share/ament_lint_auto/cmake)
[1.175s] -- Found rosidl_default_generators: 1.2.0 (/opt/ros/humble/share/rosidl_default_generators/cmake)
[1.175s] -- Using all available rosidl_typesupport_c: rosidl_typesupport_fastrtps_c;rosidl_typesupport_introspection_c
[1.175s] -- Found rosidl_adapter: 3.1.5 (/opt/ros/humble/share/rosidl_adapter/cmake)
[1.175s] -- Using all available rosidl_typesupport_cpp: rosidl_typesupport_fastrtps_cpp;rosidl_typesupport_introspection_cpp
[1.175s] -- Found rclcpp: 16.0.6 (/opt/ros/humble/share/rclcpp/cmake)
[1.368s] -- Found rmw_implementation_cmake: 6.1.1 (/opt/ros/humble/share/rmw_implementation_cmake/cmake)
[1.385s] -- Found rmw_fastrtps_cpp: 6.2.4 (/opt/ros/humble/share/rmw_fastrtps_cpp/cmake)
[1.655s] -- Using RMW implementation 'rmw_fastrtps_cpp' as default
[2.159s] -- Found geometry_msgs: 4.2.3 (/opt/ros/humble/share/geometry_msgs/cmake)
[2.836s] -- Found ament_cmake_ros: 0.10.0 (/opt/ros/humble/share/ament_cmake_ros/cmake)
[3.723s] -- Using all available rosidl_typesupport_c: rosidl_typesupport_fastrtps_c;rosidl_typesupport_introspection_c
[4.670s] -- Using all available rosidl_typesupport_cpp: rosidl_typesupport_fastrtps_cpp;rosidl_typesupport_introspection_cpp
[4.711s] -- Found python_cmake_module: 0.10.0 (/opt/ros/humble/share/python_cmake_module/cmake)
[4.752s] -- Using PYTHON_EXECUTABLE: /usr/bin/python3
[4.752s] -- Using PYTHON_INCLUDE_DIRS: /usr/include/python3.10
[4.752s] -- Using PYTHON_LIBRARIES: /usr/lib/x86_64-linux-gnu/libpython3.10.so
[4.880s] -- Added test 'flake8' to check Python code syntax and style conventions
[4.882s] -- Added test 'lint_cmake' to check CMake code style
[4.884s] -- Added test 'pep257' to check Python code against some of the docstring style conventions in PEP 257
[4.889s] -- Added test 'xmllint' to check XML markup files
[4.909s] -- Configuring done
[5.042s] -- Generating done
[5.050s] -- Build files have been written to: /home/urc/new-GUI/build/aruco_finder
[5.066s] Invoked command in '/home/urc/new-GUI/build/aruco_finder' returned '0': CMAKE_PREFIX_PATH=/opt/ros/humble /usr/bin/cmake /home/urc/new-GUI/src/aruco_finder -DCMAKE_INSTALL_PREFIX=/home/urc/new-GUI/install/aruco_finder
[5.071s] Invoking command in '/home/urc/new-GUI/build/aruco_finder': CMAKE_PREFIX_PATH=/opt/ros/humble /usr/bin/cmake --build /home/urc/new-GUI/build/aruco_finder -- -j4 -l4
[5.206s] [  2%] Built target aruco_finder__cpp
[5.244s] failed to create symbolic link '/home/urc/new-GUI/build/aruco_finder/ament_cmake_python/aruco_finder/aruco_finder' because existing path cannot be removed: Is a directory
[5.244s] gmake[2]: *** [CMakeFiles/ament_cmake_python_symlink_aruco_finder.dir/build.make:70: CMakeFiles/ament_cmake_python_symlink_aruco_finder] Error 1
[5.251s] gmake[1]: *** [CMakeFiles/Makefile2:421: CMakeFiles/ament_cmake_python_symlink_aruco_finder.dir/all] Error 2
[5.251s] gmake: *** [Makefile:146: all] Error 2
[5.260s] Invoked command in '/home/urc/new-GUI/build/aruco_finder' returned '2': CMAKE_PREFIX_PATH=/opt/ros/humble /usr/bin/cmake --build /home/urc/new-GUI/build/aruco_finder -- -j4 -l4
