[  1%] Built target theora_webcams__cpp
[  2%] [32mBuilding CXX object CMakeFiles/camera_publisher.dir/src/camera_publisher_v4l2.cpp.o[0m
[ 13%] Built target theora_webcams__rosidl_generator_c
[ 13%] Built target ament_cmake_python_copy_theora_webcams
[01m[K/home/urc/new-GUI/src/theora_webcams/src/camera_publisher_v4l2.cpp:6:10:[m[K [01;31m[Kfatal error: [m[Klibv4l2.h: No such file or directory
    6 | #include [01;31m[K<libv4l2.h>[m[K
      |          [01;31m[K^~~~~~~~~~~[m[K
compilation terminated.
[35m[1mConsolidate compiler generated dependencies of target theora_webcams__rosidl_typesupport_introspection_cpp[0m
[ 24%] Built target theora_webcams__rosidl_typesupport_cpp
gmake[2]: *** [CMakeFiles/camera_publisher.dir/build.make:76: CMakeFiles/camera_publisher.dir/src/camera_publisher_v4l2.cpp.o] Error 1
gmake[1]: *** [CMakeFiles/Makefile2:592: CMakeFiles/camera_publisher.dir/all] Error 2
gmake[1]: *** Waiting for unfinished jobs....
[35m[1mConsolidate compiler generated dependencies of target theora_webcams__rosidl_typesupport_fastrtps_cpp[0m
[ 36%] Built target theora_webcams__rosidl_typesupport_introspection_cpp
[ 47%] Built target theora_webcams__rosidl_typesupport_fastrtps_cpp
gmake: *** [Makefile:146: all] Error 2
