[1.197s] Invoking command in '/home/urc/new-GUI/build/theora_webcams': CMAKE_PREFIX_PATH=/home/urc/new-GUI/install/theora_webcams:/home/urc/new-GUI/install/gui_window:/opt/ros/humble:/home/urc/new-GUI/install/geographic_msgs:/home/urc/new-GUI/install/aruco_finder /usr/bin/cmake --build /home/urc/new-GUI/build/theora_webcams -- -j4 -l4
[1.279s] -- Found ament_cmake: 1.3.5 (/opt/ros/humble/share/ament_cmake/cmake)
[1.608s] -- Found ament_lint_auto: 0.12.8 (/opt/ros/humble/share/ament_lint_auto/cmake)
[1.727s] -- Found rosidl_default_generators: 1.2.0 (/opt/ros/humble/share/rosidl_default_generators/cmake)
[1.734s] -- Using all available rosidl_typesupport_c: rosidl_typesupport_fastrtps_c;rosidl_typesupport_introspection_c
[1.739s] -- Found rosidl_adapter: 3.1.5 (/opt/ros/humble/share/rosidl_adapter/cmake)
[1.813s] -- Using all available rosidl_typesupport_cpp: rosidl_typesupport_fastrtps_cpp;rosidl_typesupport_introspection_cpp
[1.871s] -- Found rclcpp: 16.0.6 (/opt/ros/humble/share/rclcpp/cmake)
[2.026s] -- Found rmw_implementation_cmake: 6.1.1 (/opt/ros/humble/share/rmw_implementation_cmake/cmake)
[2.030s] -- Found rmw_fastrtps_cpp: 6.2.4 (/opt/ros/humble/share/rmw_fastrtps_cpp/cmake)
[2.255s] -- Using RMW implementation 'rmw_fastrtps_cpp' as default
[2.592s] -- Found sensor_msgs: 4.2.3 (/opt/ros/humble/share/sensor_msgs/cmake)
[2.847s] -- Found cv_bridge: 3.2.1 (/opt/ros/humble/share/cv_bridge/cmake)
[2.862s] -- Found image_transport: 3.1.7 (/opt/ros/humble/share/image_transport/cmake)
[2.928s] -- Found camera_info_manager: 3.1.7 (/opt/ros/humble/share/camera_info_manager/cmake)
[3.563s] -- Found ament_cmake_ros: 0.10.0 (/opt/ros/humble/share/ament_cmake_ros/cmake)
[4.112s] -- Using all available rosidl_typesupport_c: rosidl_typesupport_fastrtps_c;rosidl_typesupport_introspection_c
[4.745s] -- Using all available rosidl_typesupport_cpp: rosidl_typesupport_fastrtps_cpp;rosidl_typesupport_introspection_cpp
[4.778s] -- Found python_cmake_module: 0.10.0 (/opt/ros/humble/share/python_cmake_module/cmake)
[4.812s] -- Using PYTHON_EXECUTABLE: /usr/bin/python3
[4.812s] -- Using PYTHON_INCLUDE_DIRS: /usr/include/python3.10
[4.812s] -- Using PYTHON_LIBRARIES: /usr/lib/x86_64-linux-gnu/libpython3.10.so
[4.943s] -- Added test 'cppcheck' to perform static code analysis on C / C++ code
[4.945s] -- Configured cppcheck include dirs: 
[4.945s] -- Configured cppcheck exclude dirs and/or files: 
[4.949s] -- Added test 'lint_cmake' to check CMake code style
[4.955s] -- Added test 'uncrustify' to check C / C++ code style
[4.955s] -- Configured uncrustify additional arguments: 
[4.957s] -- Added test 'xmllint' to check XML markup files
[4.963s] -- Configuring done
[5.060s] -- Generating done
[5.067s] -- Build files have been written to: /home/urc/new-GUI/build/theora_webcams
[5.119s] [35m[1mConsolidate compiler generated dependencies of target theora_webcams__rosidl_generator_c[0m
[5.142s] [  1%] [32mBuilding CXX object CMakeFiles/camera_publisher.dir/src/camera_publisher_v4l2.cpp.o[0m
[5.152s] [  1%] Built target ament_cmake_python_copy_theora_webcams
[5.165s] [  2%] Built target theora_webcams__cpp
[5.177s] [ 13%] Built target theora_webcams__rosidl_generator_c
[5.184s] [01m[K/home/urc/new-GUI/src/theora_webcams/src/camera_publisher_v4l2.cpp:6:10:[m[K [01;31m[Kfatal error: [m[Klibv4l2.h: No such file or directory
[5.184s]     6 | #include [01;31m[K<libv4l2.h>[m[K
[5.184s]       |          [01;31m[K^~~~~~~~~~~[m[K
[5.184s] compilation terminated.
[5.185s] [35m[1mConsolidate compiler generated dependencies of target theora_webcams__rosidl_typesupport_cpp[0m
[5.190s] gmake[2]: *** [CMakeFiles/camera_publisher.dir/build.make:76: CMakeFiles/camera_publisher.dir/src/camera_publisher_v4l2.cpp.o] Error 1
[5.190s] gmake[1]: *** [CMakeFiles/Makefile2:592: CMakeFiles/camera_publisher.dir/all] Error 2
[5.190s] gmake[1]: *** Waiting for unfinished jobs....
[5.202s] [35m[1mConsolidate compiler generated dependencies of target theora_webcams__rosidl_typesupport_fastrtps_cpp[0m
[5.219s] [ 24%] Built target theora_webcams__rosidl_typesupport_cpp
[5.237s] [ 36%] Built target theora_webcams__rosidl_typesupport_fastrtps_cpp
[5.584s] running egg_info
[5.585s] writing theora_webcams.egg-info/PKG-INFO
[5.585s] writing dependency_links to theora_webcams.egg-info/dependency_links.txt
[5.585s] writing top-level names to theora_webcams.egg-info/top_level.txt
[5.589s] reading manifest file 'theora_webcams.egg-info/SOURCES.txt'
[5.591s] writing manifest file 'theora_webcams.egg-info/SOURCES.txt'
[5.624s] [ 36%] Built target ament_cmake_python_build_theora_webcams_egg
[5.626s] gmake: *** [Makefile:146: all] Error 2
[5.630s] Invoked command in '/home/urc/new-GUI/build/theora_webcams' returned '2': CMAKE_PREFIX_PATH=/home/urc/new-GUI/install/theora_webcams:/home/urc/new-GUI/install/gui_window:/opt/ros/humble:/home/urc/new-GUI/install/geographic_msgs:/home/urc/new-GUI/install/aruco_finder /usr/bin/cmake --build /home/urc/new-GUI/build/theora_webcams -- -j4 -l4
