[0.376s] Invoking command in '/home/urc/new-GUI/build/aruco_finder': CMAKE_PREFIX_PATH=/home/urc/new-GUI/install/theora_webcams:/home/urc/new-GUI/install/gui_window:/opt/ros/humble:/home/urc/new-GUI/install/geographic_msgs:/home/urc/new-GUI/install/aruco_finder /usr/bin/cmake --build /home/urc/new-GUI/build/aruco_finder -- -j4 -l4
[0.952s] -- Found ament_cmake: 1.3.5 (/opt/ros/humble/share/ament_cmake/cmake)
[0.952s] -- Override CMake install command with custom implementation using symlinks instead of copying resources
[0.952s] -- Found ament_lint_auto: 0.12.8 (/opt/ros/humble/share/ament_lint_auto/cmake)
[0.953s] -- Found rosidl_default_generators: 1.2.0 (/opt/ros/humble/share/rosidl_default_generators/cmake)
[0.953s] -- Using all available rosidl_typesupport_c: rosidl_typesupport_fastrtps_c;rosidl_typesupport_introspection_c
[0.953s] -- Found rosidl_adapter: 3.1.5 (/opt/ros/humble/share/rosidl_adapter/cmake)
[0.953s] -- Using all available rosidl_typesupport_cpp: rosidl_typesupport_fastrtps_cpp;rosidl_typesupport_introspection_cpp
[0.953s] -- Found rclcpp: 16.0.6 (/opt/ros/humble/share/rclcpp/cmake)
[1.007s] -- Found rmw_implementation_cmake: 6.1.1 (/opt/ros/humble/share/rmw_implementation_cmake/cmake)
[1.015s] -- Found rmw_fastrtps_cpp: 6.2.4 (/opt/ros/humble/share/rmw_fastrtps_cpp/cmake)
[1.201s] -- Found OpenSSL: /usr/lib/x86_64-linux-gnu/libcrypto.so (found version "3.0.2")  
[1.244s] -- Found FastRTPS: /opt/ros/humble/include  
[1.322s] -- Using RMW implementation 'rmw_fastrtps_cpp' as default
[1.349s] -- Looking for pthread.h
[1.586s] -- Looking for pthread.h - found
[1.586s] -- Performing Test CMAKE_HAVE_LIBC_PTHREAD
[1.692s] -- Performing Test CMAKE_HAVE_LIBC_PTHREAD - Success
[1.692s] -- Found Threads: TRUE  
[1.990s] -- Found geometry_msgs: 4.2.3 (/opt/ros/humble/share/geometry_msgs/cmake)
[2.439s] -- Found ament_cmake_ros: 0.10.0 (/opt/ros/humble/share/ament_cmake_ros/cmake)
[2.838s] -- Using all available rosidl_typesupport_c: rosidl_typesupport_fastrtps_c;rosidl_typesupport_introspection_c
[3.385s] -- Using all available rosidl_typesupport_cpp: rosidl_typesupport_fastrtps_cpp;rosidl_typesupport_introspection_cpp
[3.417s] -- Found python_cmake_module: 0.10.0 (/opt/ros/humble/share/python_cmake_module/cmake)
[3.447s] -- Using PYTHON_EXECUTABLE: /usr/bin/python3
[3.448s] -- Using PYTHON_INCLUDE_DIRS: /usr/include/python3.10
[3.449s] -- Using PYTHON_LIBRARIES: /usr/lib/x86_64-linux-gnu/libpython3.10.so
[3.548s] -- Added test 'flake8' to check Python code syntax and style conventions
[3.550s] -- Added test 'lint_cmake' to check CMake code style
[3.551s] -- Added test 'pep257' to check Python code against some of the docstring style conventions in PEP 257
[3.555s] -- Added test 'xmllint' to check XML markup files
[3.563s] -- Configuring done
[3.636s] -- Generating done
[3.643s] -- Build files have been written to: /home/urc/new-GUI/build/aruco_finder
[3.684s] [35m[1mConsolidate compiler generated dependencies of target aruco_finder__rosidl_generator_c[0m
[3.689s] [  2%] Built target aruco_finder__cpp
[3.707s] failed to create symbolic link '/home/urc/new-GUI/build/aruco_finder/ament_cmake_python/aruco_finder/aruco_finder' because existing path cannot be removed: Is a directory
[3.709s] [35m[1mConsolidate compiler generated dependencies of target aruco_finder__rosidl_typesupport_cpp[0m
[3.710s] gmake[2]: *** [CMakeFiles/ament_cmake_python_symlink_aruco_finder.dir/build.make:70: CMakeFiles/ament_cmake_python_symlink_aruco_finder] Error 1
[3.711s] gmake[1]: *** [CMakeFiles/Makefile2:421: CMakeFiles/ament_cmake_python_symlink_aruco_finder.dir/all] Error 2
[3.711s] gmake[1]: *** Waiting for unfinished jobs....
[3.737s] [  5%] [32mBuilding C object CMakeFiles/aruco_finder__rosidl_generator_c.dir/rosidl_generator_c/aruco_finder/msg/detail/found_marker_list__functions.c.o[0m
[3.737s] [  7%] [32mBuilding C object CMakeFiles/aruco_finder__rosidl_generator_c.dir/rosidl_generator_c/aruco_finder/msg/detail/found_marker__functions.c.o[0m
[3.739s] [35m[1mConsolidate compiler generated dependencies of target aruco_finder__rosidl_typesupport_fastrtps_cpp[0m
[3.750s] [ 10%] [32mBuilding CXX object CMakeFiles/aruco_finder__rosidl_typesupport_cpp.dir/rosidl_typesupport_cpp/aruco_finder/msg/found_marker__type_support.cpp.o[0m
[3.767s] [ 12%] [32mBuilding CXX object CMakeFiles/aruco_finder__rosidl_typesupport_fastrtps_cpp.dir/rosidl_typesupport_fastrtps_cpp/aruco_finder/msg/detail/dds_fastrtps/found_marker__type_support.cpp.o[0m
[3.811s] [ 17%] [32m[1mLinking C shared library libaruco_finder__rosidl_generator_c.so[0m
[3.813s] [ 17%] [32mBuilding CXX object CMakeFiles/aruco_finder__rosidl_typesupport_fastrtps_cpp.dir/rosidl_typesupport_fastrtps_cpp/aruco_finder/msg/detail/dds_fastrtps/found_marker_list__type_support.cpp.o[0m
[3.873s] [ 20%] Built target aruco_finder__rosidl_generator_c
[3.884s] [ 23%] [32mBuilding CXX object CMakeFiles/aruco_finder__rosidl_typesupport_cpp.dir/rosidl_typesupport_cpp/aruco_finder/msg/found_marker_list__type_support.cpp.o[0m
[4.323s] [ 25%] [32m[1mLinking CXX shared library libaruco_finder__rosidl_typesupport_cpp.so[0m
[4.393s] [ 28%] Built target aruco_finder__rosidl_typesupport_cpp
[4.453s] [ 30%] [32m[1mLinking CXX shared library libaruco_finder__rosidl_typesupport_fastrtps_cpp.so[0m
[4.559s] [ 33%] Built target aruco_finder__rosidl_typesupport_fastrtps_cpp
[4.561s] gmake: *** [Makefile:146: all] Error 2
