[0.826s] Invoking command in '/home/urc/new-GUI/build/theora_webcams': CMAKE_PREFIX_PATH=/home/urc/new-GUI/install/theora_webcams:/home/urc/new-GUI/install/gui_window:/opt/ros/humble:/home/urc/new-GUI/install/geographic_msgs:/home/urc/new-GUI/install/aruco_finder /usr/bin/cmake --build /home/urc/new-GUI/build/theora_webcams -- -j4 -l4
[0.868s] -- Found ament_cmake: 1.3.5 (/opt/ros/humble/share/ament_cmake/cmake)
[1.189s] -- Found ament_lint_auto: 0.12.8 (/opt/ros/humble/share/ament_lint_auto/cmake)
[1.289s] -- Found rosidl_default_generators: 1.2.0 (/opt/ros/humble/share/rosidl_default_generators/cmake)
[1.300s] -- Using all available rosidl_typesupport_c: rosidl_typesupport_fastrtps_c;rosidl_typesupport_introspection_c
[1.312s] -- Found rosidl_adapter: 3.1.5 (/opt/ros/humble/share/rosidl_adapter/cmake)
[1.415s] -- Using all available rosidl_typesupport_cpp: rosidl_typesupport_fastrtps_cpp;rosidl_typesupport_introspection_cpp
[1.459s] -- Found rclcpp: 16.0.6 (/opt/ros/humble/share/rclcpp/cmake)
[1.600s] -- Found rmw_implementation_cmake: 6.1.1 (/opt/ros/humble/share/rmw_implementation_cmake/cmake)
[1.602s] -- Found rmw_fastrtps_cpp: 6.2.4 (/opt/ros/humble/share/rmw_fastrtps_cpp/cmake)
[1.802s] -- Using RMW implementation 'rmw_fastrtps_cpp' as default
[2.157s] -- Found sensor_msgs: 4.2.3 (/opt/ros/humble/share/sensor_msgs/cmake)
[2.430s] -- Found cv_bridge: 3.2.1 (/opt/ros/humble/share/cv_bridge/cmake)
[2.447s] -- Found image_transport: 3.1.7 (/opt/ros/humble/share/image_transport/cmake)
[2.501s] -- Found camera_info_manager: 3.1.7 (/opt/ros/humble/share/camera_info_manager/cmake)
[3.085s] -- Found ament_cmake_ros: 0.10.0 (/opt/ros/humble/share/ament_cmake_ros/cmake)
[3.572s] -- Using all available rosidl_typesupport_c: rosidl_typesupport_fastrtps_c;rosidl_typesupport_introspection_c
[4.212s] -- Using all available rosidl_typesupport_cpp: rosidl_typesupport_fastrtps_cpp;rosidl_typesupport_introspection_cpp
[4.244s] -- Found python_cmake_module: 0.10.0 (/opt/ros/humble/share/python_cmake_module/cmake)
[4.289s] -- Using PYTHON_EXECUTABLE: /usr/bin/python3
[4.289s] -- Using PYTHON_INCLUDE_DIRS: /usr/include/python3.10
[4.290s] -- Using PYTHON_LIBRARIES: /usr/lib/x86_64-linux-gnu/libpython3.10.so
[4.422s] -- Added test 'cppcheck' to perform static code analysis on C / C++ code
[4.423s] -- Configured cppcheck include dirs: 
[4.423s] -- Configured cppcheck exclude dirs and/or files: 
[4.425s] -- Added test 'lint_cmake' to check CMake code style
[4.430s] -- Added test 'uncrustify' to check C / C++ code style
[4.430s] -- Configured uncrustify additional arguments: 
[4.430s] -- Added test 'xmllint' to check XML markup files
[4.439s] -- Configuring done
[4.558s] -- Generating done
[4.566s] -- Build files have been written to: /home/urc/new-GUI/build/theora_webcams
[4.633s] [  1%] [32mBuilding CXX object CMakeFiles/camera_publisher.dir/src/camera_publisher_v4l2.cpp.o[0m
[4.636s] [  2%] Built target theora_webcams__cpp
[4.665s] [01m[K/home/urc/new-GUI/src/theora_webcams/src/camera_publisher_v4l2.cpp:6:10:[m[K [01;31m[Kfatal error: [m[Kv4l2_camera.h: No such file or directory
[4.666s]     6 | #include [01;31m[K<v4l2_camera.h>[m[K
[4.666s]       |          [01;31m[K^~~~~~~~~~~~~~~[m[K
[4.666s] compilation terminated.
[4.671s] gmake[2]: *** [CMakeFiles/camera_publisher.dir/build.make:76: CMakeFiles/camera_publisher.dir/src/camera_publisher_v4l2.cpp.o] Error 1
[4.671s] gmake[1]: *** [CMakeFiles/Makefile2:592: CMakeFiles/camera_publisher.dir/all] Error 2
[4.671s] gmake[1]: *** Waiting for unfinished jobs....
[4.673s] [  2%] Built target ament_cmake_python_copy_theora_webcams
[4.821s] [35m[1mConsolidate compiler generated dependencies of target theora_webcams__rosidl_generator_c[0m
[4.832s] [35m[1mConsolidate compiler generated dependencies of target theora_webcams__rosidl_typesupport_cpp[0m
[4.842s] [ 13%] Built target theora_webcams__rosidl_generator_c
[4.863s] [ 24%] Built target theora_webcams__rosidl_typesupport_cpp
[4.864s] gmake: *** [Makefile:146: all] Error 2
[4.870s] Invoked command in '/home/urc/new-GUI/build/theora_webcams' returned '2': CMAKE_PREFIX_PATH=/home/urc/new-GUI/install/theora_webcams:/home/urc/new-GUI/install/gui_window:/opt/ros/humble:/home/urc/new-GUI/install/geographic_msgs:/home/urc/new-GUI/install/aruco_finder /usr/bin/cmake --build /home/urc/new-GUI/build/theora_webcams -- -j4 -l4
