[1.463s] Invoking command in '/home/urc/new-GUI/build/theora_webcams': CMAKE_PREFIX_PATH=/home/urc/new-GUI/install/theora_webcams:/home/urc/new-GUI/install/gui_window:/opt/ros/humble:/home/urc/new-GUI/install/geographic_msgs:/home/urc/new-GUI/install/aruco_finder /usr/bin/cmake --build /home/urc/new-GUI/build/theora_webcams -- -j4 -l4
[1.693s] [  0%] Built target ament_cmake_python_copy_theora_webcams
[1.734s] [ 11%] Built target theora_webcams__rosidl_generator_c
[1.734s] [ 12%] Built target theora_webcams__cpp
[1.742s] [ 13%] [32mBuilding CXX object CMakeFiles/camera_publisher.dir/src/camera_publisher_v4l2.cpp.o[0m
[1.799s] [35m[1mConsolidate compiler generated dependencies of target theora_webcams__rosidl_typesupport_fastrtps_c[0m
[1.805s] [01m[K/home/urc/new-GUI/src/theora_webcams/src/camera_publisher_v4l2.cpp:6:10:[m[K [01;31m[Kfatal error: [m[Klibv4l2_camera.h: No such file or directory
[1.805s]     6 | #include [01;31m[K<libv4l2_camera.h>[m[K
[1.805s]       |          [01;31m[K^~~~~~~~~~~~~~~~~~[m[K
[1.805s] compilation terminated.
[1.819s] gmake[2]: *** [CMakeFiles/camera_publisher.dir/build.make:76: CMakeFiles/camera_publisher.dir/src/camera_publisher_v4l2.cpp.o] Error 1
[1.819s] gmake[1]: *** [CMakeFiles/Makefile2:592: CMakeFiles/camera_publisher.dir/all] Error 2
[1.819s] gmake[1]: *** Waiting for unfinished jobs....
[1.904s] [ 24%] Built target theora_webcams__rosidl_typesupport_cpp
[1.906s] [ 36%] Built target theora_webcams__rosidl_typesupport_fastrtps_c
[2.477s] running egg_info
[2.477s] writing theora_webcams.egg-info/PKG-INFO
[2.478s] writing dependency_links to theora_webcams.egg-info/dependency_links.txt
[2.480s] writing top-level names to theora_webcams.egg-info/top_level.txt
[2.488s] reading manifest file 'theora_webcams.egg-info/SOURCES.txt'
[2.492s] writing manifest file 'theora_webcams.egg-info/SOURCES.txt'
[2.541s] [ 36%] Built target ament_cmake_python_build_theora_webcams_egg
[2.543s] gmake: *** [Makefile:146: all] Error 2
[2.546s] Invoked command in '/home/urc/new-GUI/build/theora_webcams' returned '2': CMAKE_PREFIX_PATH=/home/urc/new-GUI/install/theora_webcams:/home/urc/new-GUI/install/gui_window:/opt/ros/humble:/home/urc/new-GUI/install/geographic_msgs:/home/urc/new-GUI/install/aruco_finder /usr/bin/cmake --build /home/urc/new-GUI/build/theora_webcams -- -j4 -l4
