[0.139s] Invoking command in '/home/urc/new-GUI/build/theora_webcams': CMAKE_PREFIX_PATH=/home/urc/new-GUI/install/theora_webcams:/home/urc/new-GUI/install/gui_window:/opt/ros/humble:/home/urc/new-GUI/install/geographic_msgs:/home/urc/new-GUI/install/aruco_finder /usr/bin/cmake --build /home/urc/new-GUI/build/theora_webcams -- -j4 -l4
[0.189s] -- Found ament_cmake: 1.3.5 (/opt/ros/humble/share/ament_cmake/cmake)
[0.433s] -- Found ament_lint_auto: 0.12.8 (/opt/ros/humble/share/ament_lint_auto/cmake)
[0.531s] -- Found rosidl_default_generators: 1.2.0 (/opt/ros/humble/share/rosidl_default_generators/cmake)
[0.535s] -- Using all available rosidl_typesupport_c: rosidl_typesupport_fastrtps_c;rosidl_typesupport_introspection_c
[0.540s] -- Found rosidl_adapter: 3.1.5 (/opt/ros/humble/share/rosidl_adapter/cmake)
[0.592s] -- Using all available rosidl_typesupport_cpp: rosidl_typesupport_fastrtps_cpp;rosidl_typesupport_introspection_cpp
[0.640s] -- Found rclcpp: 16.0.6 (/opt/ros/humble/share/rclcpp/cmake)
[0.774s] -- Found rmw_implementation_cmake: 6.1.1 (/opt/ros/humble/share/rmw_implementation_cmake/cmake)
[0.776s] -- Found rmw_fastrtps_cpp: 6.2.4 (/opt/ros/humble/share/rmw_fastrtps_cpp/cmake)
[0.953s] -- Using RMW implementation 'rmw_fastrtps_cpp' as default
[1.256s] -- Found sensor_msgs: 4.2.3 (/opt/ros/humble/share/sensor_msgs/cmake)
[1.503s] -- Found cv_bridge: 3.2.1 (/opt/ros/humble/share/cv_bridge/cmake)
[1.517s] -- Found image_transport: 3.1.7 (/opt/ros/humble/share/image_transport/cmake)
[1.576s] -- Found camera_info_manager: 3.1.7 (/opt/ros/humble/share/camera_info_manager/cmake)
[2.128s] -- Found ament_cmake_ros: 0.10.0 (/opt/ros/humble/share/ament_cmake_ros/cmake)
[2.606s] -- Using all available rosidl_typesupport_c: rosidl_typesupport_fastrtps_c;rosidl_typesupport_introspection_c
[3.253s] -- Using all available rosidl_typesupport_cpp: rosidl_typesupport_fastrtps_cpp;rosidl_typesupport_introspection_cpp
[3.282s] -- Found python_cmake_module: 0.10.0 (/opt/ros/humble/share/python_cmake_module/cmake)
[3.314s] -- Using PYTHON_EXECUTABLE: /usr/bin/python3
[3.315s] -- Using PYTHON_INCLUDE_DIRS: /usr/include/python3.10
[3.316s] -- Using PYTHON_LIBRARIES: /usr/lib/x86_64-linux-gnu/libpython3.10.so
[3.450s] -- Added test 'cppcheck' to perform static code analysis on C / C++ code
[3.452s] -- Configured cppcheck include dirs: 
[3.452s] -- Configured cppcheck exclude dirs and/or files: 
[3.454s] -- Added test 'lint_cmake' to check CMake code style
[3.458s] -- Added test 'uncrustify' to check C / C++ code style
[3.458s] -- Configured uncrustify additional arguments: 
[3.460s] -- Added test 'xmllint' to check XML markup files
[3.470s] -- Configuring done
[3.578s] -- Generating done
[3.588s] -- Build files have been written to: /home/urc/new-GUI/build/theora_webcams
[3.650s] [35m[1mConsolidate compiler generated dependencies of target theora_webcams__rosidl_generator_c[0m
[3.680s] [  1%] Built target theora_webcams__cpp
[3.680s] [  1%] Built target ament_cmake_python_copy_theora_webcams
[3.688s] [ 12%] Built target theora_webcams__rosidl_generator_c
[3.689s] [ 13%] [32mBuilding CXX object CMakeFiles/camera_publisher.dir/src/camera_publisher_v4l2.cpp.o[0m
[3.704s] [35m[1mConsolidate compiler generated dependencies of target theora_webcams__rosidl_typesupport_cpp[0m
[3.704s] [35m[1mConsolidate compiler generated dependencies of target theora_webcams__rosidl_typesupport_fastrtps_cpp[0m
[3.733s] [ 24%] Built target theora_webcams__rosidl_typesupport_cpp
[3.749s] [ 36%] Built target theora_webcams__rosidl_typesupport_fastrtps_cpp
[3.771s] [35m[1mConsolidate compiler generated dependencies of target theora_webcams__rosidl_typesupport_introspection_cpp[0m
[3.833s] [35m[1mConsolidate compiler generated dependencies of target theora_webcams__rosidl_typesupport_fastrtps_c[0m
[3.885s] [ 47%] Built target theora_webcams__rosidl_typesupport_introspection_cpp
[3.935s] [35m[1mConsolidate compiler generated dependencies of target theora_webcams__rosidl_typesupport_introspection_c[0m
[3.943s] [ 58%] Built target theora_webcams__rosidl_typesupport_fastrtps_c
[3.986s] [ 70%] Built target theora_webcams__rosidl_typesupport_introspection_c
[3.995s] [35m[1mConsolidate compiler generated dependencies of target theora_webcams__rosidl_typesupport_c[0m
[4.027s] [ 81%] Built target theora_webcams__rosidl_typesupport_c
[4.127s] [ 81%] Built target theora_webcams
[4.224s] [ 82%] Built target theora_webcams__py
[4.294s] [35m[1mConsolidate compiler generated dependencies of target theora_webcams__rosidl_generator_py[0m
[4.327s] running egg_info
[4.327s] writing theora_webcams.egg-info/PKG-INFO
[4.327s] writing dependency_links to theora_webcams.egg-info/dependency_links.txt
[4.327s] writing top-level names to theora_webcams.egg-info/top_level.txt
[4.331s] reading manifest file 'theora_webcams.egg-info/SOURCES.txt'
[4.333s] writing manifest file 'theora_webcams.egg-info/SOURCES.txt'
[4.354s] [ 92%] Built target theora_webcams__rosidl_generator_py
[4.379s] [35m[1mConsolidate compiler generated dependencies of target theora_webcams__rosidl_typesupport_fastrtps_c__pyext[0m
[4.402s] [35m[1mConsolidate compiler generated dependencies of target theora_webcams__rosidl_typesupport_introspection_c__pyext[0m
[4.428s] [ 92%] Built target ament_cmake_python_build_theora_webcams_egg
[4.437s] [ 94%] Built target theora_webcams__rosidl_typesupport_fastrtps_c__pyext
[4.460s] [35m[1mConsolidate compiler generated dependencies of target theora_webcams__rosidl_typesupport_c__pyext[0m
[4.470s] [ 96%] Built target theora_webcams__rosidl_typesupport_introspection_c__pyext
[4.491s] [ 98%] Built target theora_webcams__rosidl_typesupport_c__pyext
[4.589s] [01m[K/home/urc/new-GUI/src/theora_webcams/src/camera_publisher_v4l2.cpp:21:10:[m[K [01;31m[Kfatal error: [m[Ktheora_webcams/msg/Framerate.hpp: No such file or directory
[4.589s]    21 | #include [01;31m[K"theora_webcams/msg/Framerate.hpp"[m[K
[4.589s]       |          [01;31m[K^~~~~~~~~~~~~~~~~~~~~~~~~~~~~~~~~~[m[K
[4.589s] compilation terminated.
[4.596s] gmake[2]: *** [CMakeFiles/camera_publisher.dir/build.make:76: CMakeFiles/camera_publisher.dir/src/camera_publisher_v4l2.cpp.o] Error 1
[4.596s] gmake[1]: *** [CMakeFiles/Makefile2:592: CMakeFiles/camera_publisher.dir/all] Error 2
[4.597s] gmake: *** [Makefile:146: all] Error 2
[4.600s] Invoked command in '/home/urc/new-GUI/build/theora_webcams' returned '2': CMAKE_PREFIX_PATH=/home/urc/new-GUI/install/theora_webcams:/home/urc/new-GUI/install/gui_window:/opt/ros/humble:/home/urc/new-GUI/install/geographic_msgs:/home/urc/new-GUI/install/aruco_finder /usr/bin/cmake --build /home/urc/new-GUI/build/theora_webcams -- -j4 -l4
