[0.114s] Invoking command in '/home/urc/new-GUI/build/theora_webcams': CMAKE_PREFIX_PATH=/home/urc/new-GUI/install/theora_webcams:/home/urc/new-GUI/install/gui_window:/opt/ros/humble:/home/urc/new-GUI/install/geographic_msgs:/home/urc/new-GUI/install/aruco_finder /usr/bin/cmake --build /home/urc/new-GUI/build/theora_webcams -- -j4 -l4
[0.162s] -- Found ament_cmake: 1.3.5 (/opt/ros/humble/share/ament_cmake/cmake)
[0.388s] -- Found ament_lint_auto: 0.12.8 (/opt/ros/humble/share/ament_lint_auto/cmake)
[0.489s] -- Found rosidl_default_generators: 1.2.0 (/opt/ros/humble/share/rosidl_default_generators/cmake)
[0.493s] -- Using all available rosidl_typesupport_c: rosidl_typesupport_fastrtps_c;rosidl_typesupport_introspection_c
[0.498s] -- Found rosidl_adapter: 3.1.5 (/opt/ros/humble/share/rosidl_adapter/cmake)
[0.551s] -- Using all available rosidl_typesupport_cpp: rosidl_typesupport_fastrtps_cpp;rosidl_typesupport_introspection_cpp
[0.601s] -- Found rclcpp: 16.0.6 (/opt/ros/humble/share/rclcpp/cmake)
[0.741s] -- Found rmw_implementation_cmake: 6.1.1 (/opt/ros/humble/share/rmw_implementation_cmake/cmake)
[0.752s] -- Found rmw_fastrtps_cpp: 6.2.4 (/opt/ros/humble/share/rmw_fastrtps_cpp/cmake)
[0.931s] -- Using RMW implementation 'rmw_fastrtps_cpp' as default
[1.243s] -- Found sensor_msgs: 4.2.3 (/opt/ros/humble/share/sensor_msgs/cmake)
[1.498s] -- Found cv_bridge: 3.2.1 (/opt/ros/humble/share/cv_bridge/cmake)
[1.512s] -- Found image_transport: 3.1.7 (/opt/ros/humble/share/image_transport/cmake)
[1.570s] -- Found camera_info_manager: 3.1.7 (/opt/ros/humble/share/camera_info_manager/cmake)
[2.131s] -- Found ament_cmake_ros: 0.10.0 (/opt/ros/humble/share/ament_cmake_ros/cmake)
[2.602s] -- Using all available rosidl_typesupport_c: rosidl_typesupport_fastrtps_c;rosidl_typesupport_introspection_c
[3.237s] -- Using all available rosidl_typesupport_cpp: rosidl_typesupport_fastrtps_cpp;rosidl_typesupport_introspection_cpp
[3.268s] -- Found python_cmake_module: 0.10.0 (/opt/ros/humble/share/python_cmake_module/cmake)
[3.302s] -- Using PYTHON_EXECUTABLE: /usr/bin/python3
[3.303s] -- Using PYTHON_INCLUDE_DIRS: /usr/include/python3.10
[3.303s] -- Using PYTHON_LIBRARIES: /usr/lib/x86_64-linux-gnu/libpython3.10.so
[3.429s] -- Added test 'cppcheck' to perform static code analysis on C / C++ code
[3.430s] -- Configured cppcheck include dirs: 
[3.430s] -- Configured cppcheck exclude dirs and/or files: 
[3.432s] -- Added test 'lint_cmake' to check CMake code style
[3.436s] -- Added test 'uncrustify' to check C / C++ code style
[3.436s] -- Configured uncrustify additional arguments: 
[3.437s] -- Added test 'xmllint' to check XML markup files
[3.441s] -- Configuring done
[3.543s] -- Generating done
[3.549s] -- Build files have been written to: /home/urc/new-GUI/build/theora_webcams
[3.624s] [  1%] [32mBuilding CXX object CMakeFiles/camera_publisher.dir/src/camera_publisher_v4l2.cpp.o[0m
[3.632s] [35m[1mConsolidate compiler generated dependencies of target theora_webcams__rosidl_generator_c[0m
[3.644s] [  2%] Built target theora_webcams__cpp
[3.658s] [  2%] Built target ament_cmake_python_copy_theora_webcams
[3.671s] [35m[1mConsolidate compiler generated dependencies of target theora_webcams__rosidl_typesupport_cpp[0m
[3.698s] [35m[1mConsolidate compiler generated dependencies of target theora_webcams__rosidl_typesupport_fastrtps_cpp[0m
[3.699s] [ 13%] Built target theora_webcams__rosidl_generator_c
[3.724s] [35m[1mConsolidate compiler generated dependencies of target theora_webcams__rosidl_typesupport_introspection_cpp[0m
[3.724s] [ 24%] Built target theora_webcams__rosidl_typesupport_fastrtps_cpp
[3.750s] [ 36%] Built target theora_webcams__rosidl_typesupport_introspection_cpp
[3.750s] [ 47%] Built target theora_webcams__rosidl_typesupport_cpp
[3.776s] [35m[1mConsolidate compiler generated dependencies of target theora_webcams__rosidl_typesupport_fastrtps_c[0m
[3.798s] [35m[1mConsolidate compiler generated dependencies of target theora_webcams__rosidl_typesupport_introspection_c[0m
[3.839s] [ 58%] Built target theora_webcams__rosidl_typesupport_fastrtps_c
[3.856s] [ 70%] Built target theora_webcams__rosidl_typesupport_introspection_c
[3.898s] [35m[1mConsolidate compiler generated dependencies of target theora_webcams__rosidl_typesupport_c[0m
[3.940s] [ 81%] Built target theora_webcams__rosidl_typesupport_c
[3.970s] [ 81%] Built target theora_webcams
[4.008s] [ 82%] Built target theora_webcams__py
[4.027s] [35m[1mConsolidate compiler generated dependencies of target theora_webcams__rosidl_generator_py[0m
[4.061s] [ 92%] Built target theora_webcams__rosidl_generator_py
[4.081s] [35m[1mConsolidate compiler generated dependencies of target theora_webcams__rosidl_typesupport_introspection_c__pyext[0m
[4.081s] [35m[1mConsolidate compiler generated dependencies of target theora_webcams__rosidl_typesupport_fastrtps_c__pyext[0m
[4.113s] [ 94%] Built target theora_webcams__rosidl_typesupport_introspection_c__pyext
[4.120s] [ 96%] Built target theora_webcams__rosidl_typesupport_fastrtps_c__pyext
[4.137s] [35m[1mConsolidate compiler generated dependencies of target theora_webcams__rosidl_typesupport_c__pyext[0m
[4.171s] [ 98%] Built target theora_webcams__rosidl_typesupport_c__pyext
[4.253s] running egg_info
[4.254s] writing theora_webcams.egg-info/PKG-INFO
[4.254s] writing dependency_links to theora_webcams.egg-info/dependency_links.txt
[4.255s] writing top-level names to theora_webcams.egg-info/top_level.txt
[4.258s] reading manifest file 'theora_webcams.egg-info/SOURCES.txt'
[4.259s] writing manifest file 'theora_webcams.egg-info/SOURCES.txt'
[4.298s] [ 98%] Built target ament_cmake_python_build_theora_webcams_egg
[4.423s] [01m[K/home/urc/new-GUI/src/theora_webcams/src/camera_publisher_v4l2.cpp:21:10:[m[K [01;31m[Kfatal error: [m[Ktheora_webcams/Framerate.h: No such file or directory
[4.423s]    21 | #include [01;31m[K"theora_webcams/Framerate.h"[m[K
[4.423s]       |          [01;31m[K^~~~~~~~~~~~~~~~~~~~~~~~~~~~[m[K
[4.423s] compilation terminated.
[4.428s] gmake[2]: *** [CMakeFiles/camera_publisher.dir/build.make:76: CMakeFiles/camera_publisher.dir/src/camera_publisher_v4l2.cpp.o] Error 1
[4.429s] gmake[1]: *** [CMakeFiles/Makefile2:592: CMakeFiles/camera_publisher.dir/all] Error 2
[4.429s] gmake: *** [Makefile:146: all] Error 2
[4.431s] Invoked command in '/home/urc/new-GUI/build/theora_webcams' returned '2': CMAKE_PREFIX_PATH=/home/urc/new-GUI/install/theora_webcams:/home/urc/new-GUI/install/gui_window:/opt/ros/humble:/home/urc/new-GUI/install/geographic_msgs:/home/urc/new-GUI/install/aruco_finder /usr/bin/cmake --build /home/urc/new-GUI/build/theora_webcams -- -j4 -l4
